[2022-03-29 12:49:25] local.ERROR: View [welcome] not found. {"exception":"[object] (InvalidArgumentException(code: 0): View [welcome] not found. at C:\\Users\\Steam\\Desktop\\Projekt\\Gruppe-17\\API\\OGP\\vendor\\laravel\\framework\\src\\Illuminate\\View\\FileViewFinder.php:137)
[stacktrace]
#0 C:\\Users\\Steam\\Desktop\\Projekt\\Gruppe-17\\API\\OGP\\vendor\\laravel\\framework\\src\\Illuminate\\View\\FileViewFinder.php(79): Illuminate\\View\\FileViewFinder->findInPaths('welcome', Array)
#1 C:\\Users\\Steam\\Desktop\\Projekt\\Gruppe-17\\API\\OGP\\vendor\\laravel\\framework\\src\\Illuminate\\View\\Factory.php(137): Illuminate\\View\\FileViewFinder->find('welcome')
#2 C:\\Users\\Steam\\Desktop\\Projekt\\Gruppe-17\\API\\OGP\\vendor\\laravel\\framework\\src\\Illuminate\\Routing\\ResponseFactory.php(87): Illuminate\\View\\Factory->make('welcome', Array)
#3 C:\\Users\\Steam\\Desktop\\Projekt\\Gruppe-17\\API\\OGP\\vendor\\laravel\\framework\\src\\Illuminate\\Routing\\ViewController.php(37): Illuminate\\Routing\\ResponseFactory->view('welcome', Array, 200, Array)
#4 C:\\Users\\Steam\\Desktop\\Projekt\\Gruppe-17\\API\\OGP\\vendor\\laravel\\framework\\src\\Illuminate\\Routing\\Controller.php(54): Illuminate\\Routing\\ViewController->__invoke('welcome', Array, 200, Array)
#5 C:\\Users\\Steam\\Desktop\\Projekt\\Gruppe-17\\API\\OGP\\vendor\\laravel\\framework\\src\\Illuminate\\Routing\\ControllerDispatcher.php(45): Illuminate\\Routing\\Controller->callAction('__invoke', Array)
#6 C:\\Users\\Steam\\Desktop\\Projekt\\Gruppe-17\\API\\OGP\\vendor\\laravel\\framework\\src\\Illuminate\\Routing\\Route.php(261): Illuminate\\Routing\\ControllerDispatcher->dispatch(Object(Illuminate\\Routing\\Route), Object(Illuminate\\Routing\\ViewController), '__invoke')
#7 C:\\Users\\Steam\\Desktop\\Projekt\\Gruppe-17\\API\\OGP\\vendor\\laravel\\framework\\src\\Illuminate\\Routing\\Route.php(204): Illuminate\\Routing\\Route->runController()
#8 C:\\Users\\Steam\\Desktop\\Projekt\\Gruppe-17\\API\\OGP\\vendor\\laravel\\framework\\src\\Illuminate\\Routing\\Router.php(725): Illuminate\\Routing\\Route->run()
#9 C:\\Users\\Steam\\Desktop\\Projekt\\Gruppe-17\\API\\OGP\\vendor\\laravel\\framework\\src\\Illuminate\\Pipeline\\Pipeline.php(141): Illuminate\\Routing\\Router->Illuminate\\Routing\\{closure}(Object(Illuminate\\Http\\Request))
#10 C:\\Users\\Steam\\Desktop\\Projekt\\Gruppe-17\\API\\OGP\\vendor\\laravel\\framework\\src\\Illuminate\\Routing\\Middleware\\SubstituteBindings.php(50): Illuminate\\Pipeline\\Pipeline->Illuminate\\Pipeline\\{closure}(Object(Illuminate\\Http\\Request))
#11 C:\\Users\\Steam\\Desktop\\Projekt\\Gruppe-17\\API\\OGP\\vendor\\laravel\\framework\\src\\Illuminate\\Pipeline\\Pipeline.php(180): Illuminate\\Routing\\Middleware\\SubstituteBindings->handle(Object(Illuminate\\Http\\Request), Object(Closure))
#12 C:\\Users\\Steam\\Desktop\\Projekt\\Gruppe-17\\API\\OGP\\vendor\\laravel\\framework\\src\\Illuminate\\Foundation\\Http\\Middleware\\VerifyCsrfToken.php(78): Illuminate\\Pipeline\\Pipeline->Illuminate\\Pipeline\\{closure}(Object(Illuminate\\Http\\Request))
#13 C:\\Users\\Steam\\Desktop\\Projekt\\Gruppe-17\\API\\OGP\\vendor\\laravel\\framework\\src\\Illuminate\\Pipeline\\Pipeline.php(180): Illuminate\\Foundation\\Http\\Middleware\\VerifyCsrfToken->handle(Object(Illuminate\\Http\\Request), Object(Closure))
#14 C:\\Users\\Steam\\Desktop\\Projekt\\Gruppe-17\\API\\OGP\\vendor\\laravel\\framework\\src\\Illuminate\\View\\Middleware\\ShareErrorsFromSession.php(49): Illuminate\\Pipeline\\Pipeline->Illuminate\\Pipeline\\{closure}(Object(Illuminate\\Http\\Request))
#15 C:\\Users\\Steam\\Desktop\\Projekt\\Gruppe-17\\API\\OGP\\vendor\\laravel\\framework\\src\\Illuminate\\Pipeline\\Pipeline.php(180): Illuminate\\View\\Middleware\\ShareErrorsFromSession->handle(Object(Illuminate\\Http\\Request), Object(Closure))
#16 C:\\Users\\Steam\\Desktop\\Projekt\\Gruppe-17\\API\\OGP\\vendor\\laravel\\framework\\src\\Illuminate\\Session\\Middleware\\StartSession.php(121): Illuminate\\Pipeline\\Pipeline->Illuminate\\Pipeline\\{closure}(Object(Illuminate\\Http\\Request))
#17 C:\\Users\\Steam\\Desktop\\Projekt\\Gruppe-17\\API\\OGP\\vendor\\laravel\\framework\\src\\Illuminate\\Session\\Middleware\\StartSession.php(64): Illuminate\\Session\\Middleware\\StartSession->handleStatefulRequest(Object(Illuminate\\Http\\Request), Object(Illuminate\\Session\\Store), Object(Closure))
#18 C:\\Users\\Steam\\Desktop\\Projekt\\Gruppe-17\\API\\OGP\\vendor\\laravel\\framework\\src\\Illuminate\\Pipeline\\Pipeline.php(180): Illuminate\\Session\\Middleware\\StartSession->handle(Object(Illuminate\\Http\\Request), Object(Closure))
#19 C:\\Users\\Steam\\Desktop\\Projekt\\Gruppe-17\\API\\OGP\\vendor\\laravel\\framework\\src\\Illuminate\\Cookie\\Middleware\\AddQueuedCookiesToResponse.php(37): Illuminate\\Pipeline\\Pipeline->Illuminate\\Pipeline\\{closure}(Object(Illuminate\\Http\\Request))
#20 C:\\Users\\Steam\\Desktop\\Projekt\\Gruppe-17\\API\\OGP\\vendor\\laravel\\framework\\src\\Illuminate\\Pipeline\\Pipeline.php(180): Illuminate\\Cookie\\Middleware\\AddQueuedCookiesToResponse->handle(Object(Illuminate\\Http\\Request), Object(Closure))
#21 C:\\Users\\Steam\\Desktop\\Projekt\\Gruppe-17\\API\\OGP\\vendor\\laravel\\framework\\src\\Illuminate\\Cookie\\Middleware\\EncryptCookies.php(67): Illuminate\\Pipeline\\Pipeline->Illuminate\\Pipeline\\{closure}(Object(Illuminate\\Http\\Request))
#22 C:\\Users\\Steam\\Desktop\\Projekt\\Gruppe-17\\API\\OGP\\vendor\\laravel\\framework\\src\\Illuminate\\Pipeline\\Pipeline.php(180): Illuminate\\Cookie\\Middleware\\EncryptCookies->handle(Object(Illuminate\\Http\\Request), Object(Closure))
#23 C:\\Users\\Steam\\Desktop\\Projekt\\Gruppe-17\\API\\OGP\\vendor\\laravel\\framework\\src\\Illuminate\\Pipeline\\Pipeline.php(116): Illuminate\\Pipeline\\Pipeline->Illuminate\\Pipeline\\{closure}(Object(Illuminate\\Http\\Request))
#24 C:\\Users\\Steam\\Desktop\\Projekt\\Gruppe-17\\API\\OGP\\vendor\\laravel\\framework\\src\\Illuminate\\Routing\\Router.php(727): Illuminate\\Pipeline\\Pipeline->then(Object(Closure))
#25 C:\\Users\\Steam\\Desktop\\Projekt\\Gruppe-17\\API\\OGP\\vendor\\laravel\\framework\\src\\Illuminate\\Routing\\Router.php(702): Illuminate\\Routing\\Router->runRouteWithinStack(Object(Illuminate\\Routing\\Route), Object(Illuminate\\Http\\Request))
#26 C:\\Users\\Steam\\Desktop\\Projekt\\Gruppe-17\\API\\OGP\\vendor\\laravel\\framework\\src\\Illuminate\\Routing\\Router.php(666): Illuminate\\Routing\\Router->runRoute(Object(Illuminate\\Http\\Request), Object(Illuminate\\Routing\\Route))
#27 C:\\Users\\Steam\\Desktop\\Projekt\\Gruppe-17\\API\\OGP\\vendor\\laravel\\framework\\src\\Illuminate\\Routing\\Router.php(655): Illuminate\\Routing\\Router->dispatchToRoute(Object(Illuminate\\Http\\Request))
#28 C:\\Users\\Steam\\Desktop\\Projekt\\Gruppe-17\\API\\OGP\\vendor\\laravel\\framework\\src\\Illuminate\\Foundation\\Http\\Kernel.php(167): Illuminate\\Routing\\Router->dispatch(Object(Illuminate\\Http\\Request))
#29 C:\\Users\\Steam\\Desktop\\Projekt\\Gruppe-17\\API\\OGP\\vendor\\laravel\\framework\\src\\Illuminate\\Pipeline\\Pipeline.php(141): Illuminate\\Foundation\\Http\\Kernel->Illuminate\\Foundation\\Http\\{closure}(Object(Illuminate\\Http\\Request))
#30 C:\\Users\\Steam\\Desktop\\Projekt\\Gruppe-17\\API\\OGP\\vendor\\livewire\\livewire\\src\\DisableBrowserCache.php(19): Illuminate\\Pipeline\\Pipeline->Illuminate\\Pipeline\\{closure}(Object(Illuminate\\Http\\Request))
#31 C:\\Users\\Steam\\Desktop\\Projekt\\Gruppe-17\\API\\OGP\\vendor\\laravel\\framework\\src\\Illuminate\\Pipeline\\Pipeline.php(180): Livewire\\DisableBrowserCache->handle(Object(Illuminate\\Http\\Request), Object(Closure))
#32 C:\\Users\\Steam\\Desktop\\Projekt\\Gruppe-17\\API\\OGP\\vendor\\laravel\\framework\\src\\Illuminate\\Foundation\\Http\\Middleware\\TransformsRequest.php(21): Illuminate\\Pipeline\\Pipeline->Illuminate\\Pipeline\\{closure}(Object(Illuminate\\Http\\Request))
#33 C:\\Users\\Steam\\Desktop\\Projekt\\Gruppe-17\\API\\OGP\\vendor\\laravel\\framework\\src\\Illuminate\\Foundation\\Http\\Middleware\\ConvertEmptyStringsToNull.php(31): Illuminate\\Foundation\\Http\\Middleware\\TransformsRequest->handle(Object(Illuminate\\Http\\Request), Object(Closure))
#34 C:\\Users\\Steam\\Desktop\\Projekt\\Gruppe-17\\API\\OGP\\vendor\\laravel\\framework\\src\\Illuminate\\Pipeline\\Pipeline.php(180): Illuminate\\Foundation\\Http\\Middleware\\ConvertEmptyStringsToNull->handle(Object(Illuminate\\Http\\Request), Object(Closure))
#35 C:\\Users\\Steam\\Desktop\\Projekt\\Gruppe-17\\API\\OGP\\vendor\\laravel\\framework\\src\\Illuminate\\Foundation\\Http\\Middleware\\TransformsRequest.php(21): Illuminate\\Pipeline\\Pipeline->Illuminate\\Pipeline\\{closure}(Object(Illuminate\\Http\\Request))
#36 C:\\Users\\Steam\\Desktop\\Projekt\\Gruppe-17\\API\\OGP\\vendor\\laravel\\framework\\src\\Illuminate\\Foundation\\Http\\Middleware\\TrimStrings.php(40): Illuminate\\Foundation\\Http\\Middleware\\TransformsRequest->handle(Object(Illuminate\\Http\\Request), Object(Closure))
#37 C:\\Users\\Steam\\Desktop\\Projekt\\Gruppe-17\\API\\OGP\\vendor\\laravel\\framework\\src\\Illuminate\\Pipeline\\Pipeline.php(180): Illuminate\\Foundation\\Http\\Middleware\\TrimStrings->handle(Object(Illuminate\\Http\\Request), Object(Closure))
#38 C:\\Users\\Steam\\Desktop\\Projekt\\Gruppe-17\\API\\OGP\\vendor\\laravel\\framework\\src\\Illuminate\\Foundation\\Http\\Middleware\\ValidatePostSize.php(27): Illuminate\\Pipeline\\Pipeline->Illuminate\\Pipeline\\{closure}(Object(Illuminate\\Http\\Request))
#39 C:\\Users\\Steam\\Desktop\\Projekt\\Gruppe-17\\API\\OGP\\vendor\\laravel\\framework\\src\\Illuminate\\Pipeline\\Pipeline.php(180): Illuminate\\Foundation\\Http\\Middleware\\ValidatePostSize->handle(Object(Illuminate\\Http\\Request), Object(Closure))
#40 C:\\Users\\Steam\\Desktop\\Projekt\\Gruppe-17\\API\\OGP\\vendor\\laravel\\framework\\src\\Illuminate\\Foundation\\Http\\Middleware\\PreventRequestsDuringMaintenance.php(86): Illuminate\\Pipeline\\Pipeline->Illuminate\\Pipeline\\{closure}(Object(Illuminate\\Http\\Request))
#41 C:\\Users\\Steam\\Desktop\\Projekt\\Gruppe-17\\API\\OGP\\vendor\\laravel\\framework\\src\\Illuminate\\Pipeline\\Pipeline.php(180): Illuminate\\Foundation\\Http\\Middleware\\PreventRequestsDuringMaintenance->handle(Object(Illuminate\\Http\\Request), Object(Closure))
#42 C:\\Users\\Steam\\Desktop\\Projekt\\Gruppe-17\\API\\OGP\\vendor\\laravel\\framework\\src\\Illuminate\\Http\\Middleware\\HandleCors.php(49): Illuminate\\Pipeline\\Pipeline->Illuminate\\Pipeline\\{closure}(Object(Illuminate\\Http\\Request))
#43 C:\\Users\\Steam\\Desktop\\Projekt\\Gruppe-17\\API\\OGP\\vendor\\laravel\\framework\\src\\Illuminate\\Pipeline\\Pipeline.php(180): Illuminate\\Http\\Middleware\\HandleCors->handle(Object(Illuminate\\Http\\Request), Object(Closure))
#44 C:\\Users\\Steam\\Desktop\\Projekt\\Gruppe-17\\API\\OGP\\vendor\\laravel\\framework\\src\\Illuminate\\Http\\Middleware\\TrustProxies.php(39): Illuminate\\Pipeline\\Pipeline->Illuminate\\Pipeline\\{closure}(Object(Illuminate\\Http\\Request))
#45 C:\\Users\\Steam\\Desktop\\Projekt\\Gruppe-17\\API\\OGP\\vendor\\laravel\\framework\\src\\Illuminate\\Pipeline\\Pipeline.php(180): Illuminate\\Http\\Middleware\\TrustProxies->handle(Object(Illuminate\\Http\\Request), Object(Closure))
#46 C:\\Users\\Steam\\Desktop\\Projekt\\Gruppe-17\\API\\OGP\\vendor\\laravel\\framework\\src\\Illuminate\\Pipeline\\Pipeline.php(116): Illuminate\\Pipeline\\Pipeline->Illuminate\\Pipeline\\{closure}(Object(Illuminate\\Http\\Request))
#47 C:\\Users\\Steam\\Desktop\\Projekt\\Gruppe-17\\API\\OGP\\vendor\\laravel\\framework\\src\\Illuminate\\Foundation\\Http\\Kernel.php(142): Illuminate\\Pipeline\\Pipeline->then(Object(Closure))
#48 C:\\Users\\Steam\\Desktop\\Projekt\\Gruppe-17\\API\\OGP\\vendor\\laravel\\framework\\src\\Illuminate\\Foundation\\Http\\Kernel.php(111): Illuminate\\Foundation\\Http\\Kernel->sendRequestThroughRouter(Object(Illuminate\\Http\\Request))
#49 C:\\Users\\Steam\\Desktop\\Projekt\\Gruppe-17\\API\\OGP\\public\\index.php(52): Illuminate\\Foundation\\Http\\Kernel->handle(Object(Illuminate\\Http\\Request))
#50 C:\\Users\\Steam\\Desktop\\Projekt\\Gruppe-17\\API\\OGP\\vendor\\laravel\\framework\\src\\Illuminate\\Foundation\esources\\server.php(16): require_once('C:\\\\Users\\\\Steam\\\\...')
#51 {main}
"} 
[2022-03-29 12:49:26] local.ERROR: file_put_contents(C:\Users\Steam\Desktop\Projekt\Gruppe-17\Websites\OGP\storage\framework/sessions/IThxaIcrCkYm4mQ0BUYXNyAZLECozLOvlouAPVSo): Failed to open stream: No such file or directory {"exception":"[object] (ErrorException(code: 0): file_put_contents(C:\\Users\\Steam\\Desktop\\Projekt\\Gruppe-17\\Websites\\OGP\\storage\\framework/sessions/IThxaIcrCkYm4mQ0BUYXNyAZLECozLOvlouAPVSo): Failed to open stream: No such file or directory at C:\\Users\\Steam\\Desktop\\Projekt\\Gruppe-17\\API\\OGP\\vendor\\laravel\\framework\\src\\Illuminate\\Filesystem\\Filesystem.php:187)
[stacktrace]
#0 C:\\Users\\Steam\\Desktop\\Projekt\\Gruppe-17\\API\\OGP\\vendor\\laravel\\framework\\src\\Illuminate\\Foundation\\Bootstrap\\HandleExceptions.php(231): Illuminate\\Foundation\\Bootstrap\\HandleExceptions->handleError(2, 'file_put_conten...', 'C:\\\\Users\\\\Steam\\\\...', 187)
#1 [internal function]: Illuminate\\Foundation\\Bootstrap\\HandleExceptions->Illuminate\\Foundation\\Bootstrap\\{closure}(2, 'file_put_conten...', 'C:\\\\Users\\\\Steam\\\\...', 187)
#2 C:\\Users\\Steam\\Desktop\\Projekt\\Gruppe-17\\API\\OGP\\vendor\\laravel\\framework\\src\\Illuminate\\Filesystem\\Filesystem.php(187): file_put_contents('C:\\\\Users\\\\Steam\\\\...', 'a:3:{s:6:\"_toke...', 2)
#3 C:\\Users\\Steam\\Desktop\\Projekt\\Gruppe-17\\API\\OGP\\vendor\\laravel\\framework\\src\\Illuminate\\Session\\FileSessionHandler.php(90): Illuminate\\Filesystem\\Filesystem->put('C:\\\\Users\\\\Steam\\\\...', 'a:3:{s:6:\"_toke...', true)
#4 C:\\Users\\Steam\\Desktop\\Projekt\\Gruppe-17\\API\\OGP\\vendor\\laravel\\framework\\src\\Illuminate\\Session\\Store.php(142): Illuminate\\Session\\FileSessionHandler->write('IThxaIcrCkYm4mQ...', 'a:3:{s:6:\"_toke...')
#5 C:\\Users\\Steam\\Desktop\\Projekt\\Gruppe-17\\API\\OGP\\vendor\\laravel\\framework\\src\\Illuminate\\Session\\Middleware\\StartSession.php(236): Illuminate\\Session\\Store->save()
#6 C:\\Users\\Steam\\Desktop\\Projekt\\Gruppe-17\\API\\OGP\\vendor\\laravel\\framework\\src\\Illuminate\\Session\\Middleware\\StartSession.php(130): Illuminate\\Session\\Middleware\\StartSession->saveSession(Object(Illuminate\\Http\\Request))
#7 C:\\Users\\Steam\\Desktop\\Projekt\\Gruppe-17\\API\\OGP\\vendor\\laravel\\framework\\src\\Illuminate\\Session\\Middleware\\StartSession.php(64): Illuminate\\Session\\Middleware\\StartSession->handleStatefulRequest(Object(Illuminate\\Http\\Request), Object(Illuminate\\Session\\Store), Object(Closure))
#8 C:\\Users\\Steam\\Desktop\\Projekt\\Gruppe-17\\API\\OGP\\vendor\\laravel\\framework\\src\\Illuminate\\Pipeline\\Pipeline.php(180): Illuminate\\Session\\Middleware\\StartSession->handle(Object(Illuminate\\Http\\Request), Object(Closure))
#9 C:\\Users\\Steam\\Desktop\\Projekt\\Gruppe-17\\API\\OGP\\vendor\\laravel\\framework\\src\\Illuminate\\Cookie\\Middleware\\AddQueuedCookiesToResponse.php(37): Illuminate\\Pipeline\\Pipeline->Illuminate\\Pipeline\\{closure}(Object(Illuminate\\Http\\Request))
#10 C:\\Users\\Steam\\Desktop\\Projekt\\Gruppe-17\\API\\OGP\\vendor\\laravel\\framework\\src\\Illuminate\\Pipeline\\Pipeline.php(180): Illuminate\\Cookie\\Middleware\\AddQueuedCookiesToResponse->handle(Object(Illuminate\\Http\\Request), Object(Closure))
#11 C:\\Users\\Steam\\Desktop\\Projekt\\Gruppe-17\\API\\OGP\\vendor\\laravel\\framework\\src\\Illuminate\\Cookie\\Middleware\\EncryptCookies.php(67): Illuminate\\Pipeline\\Pipeline->Illuminate\\Pipeline\\{closure}(Object(Illuminate\\Http\\Request))
#12 C:\\Users\\Steam\\Desktop\\Projekt\\Gruppe-17\\API\\OGP\\vendor\\laravel\\framework\\src\\Illuminate\\Pipeline\\Pipeline.php(180): Illuminate\\Cookie\\Middleware\\EncryptCookies->handle(Object(Illuminate\\Http\\Request), Object(Closure))
#13 C:\\Users\\Steam\\Desktop\\Projekt\\Gruppe-17\\API\\OGP\\vendor\\laravel\\framework\\src\\Illuminate\\Pipeline\\Pipeline.php(116): Illuminate\\Pipeline\\Pipeline->Illuminate\\Pipeline\\{closure}(Object(Illuminate\\Http\\Request))
#14 C:\\Users\\Steam\\Desktop\\Projekt\\Gruppe-17\\API\\OGP\\vendor\\laravel\\framework\\src\\Illuminate\\Routing\\Router.php(727): Illuminate\\Pipeline\\Pipeline->then(Object(Closure))
#15 C:\\Users\\Steam\\Desktop\\Projekt\\Gruppe-17\\API\\OGP\\vendor\\laravel\\framework\\src\\Illuminate\\Routing\\Router.php(702): Illuminate\\Routing\\Router->runRouteWithinStack(Object(Illuminate\\Routing\\Route), Object(Illuminate\\Http\\Request))
#16 C:\\Users\\Steam\\Desktop\\Projekt\\Gruppe-17\\API\\OGP\\vendor\\laravel\\framework\\src\\Illuminate\\Routing\\Router.php(666): Illuminate\\Routing\\Router->runRoute(Object(Illuminate\\Http\\Request), Object(Illuminate\\Routing\\Route))
#17 C:\\Users\\Steam\\Desktop\\Projekt\\Gruppe-17\\API\\OGP\\vendor\\laravel\\framework\\src\\Illuminate\\Routing\\Router.php(655): Illuminate\\Routing\\Router->dispatchToRoute(Object(Illuminate\\Http\\Request))
#18 C:\\Users\\Steam\\Desktop\\Projekt\\Gruppe-17\\API\\OGP\\vendor\\laravel\\framework\\src\\Illuminate\\Foundation\\Http\\Kernel.php(167): Illuminate\\Routing\\Router->dispatch(Object(Illuminate\\Http\\Request))
#19 C:\\Users\\Steam\\Desktop\\Projekt\\Gruppe-17\\API\\OGP\\vendor\\laravel\\framework\\src\\Illuminate\\Pipeline\\Pipeline.php(141): Illuminate\\Foundation\\Http\\Kernel->Illuminate\\Foundation\\Http\\{closure}(Object(Illuminate\\Http\\Request))
#20 C:\\Users\\Steam\\Desktop\\Projekt\\Gruppe-17\\API\\OGP\\vendor\\livewire\\livewire\\src\\DisableBrowserCache.php(19): Illuminate\\Pipeline\\Pipeline->Illuminate\\Pipeline\\{closure}(Object(Illuminate\\Http\\Request))
#21 C:\\Users\\Steam\\Desktop\\Projekt\\Gruppe-17\\API\\OGP\\vendor\\laravel\\framework\\src\\Illuminate\\Pipeline\\Pipeline.php(180): Livewire\\DisableBrowserCache->handle(Object(Illuminate\\Http\\Request), Object(Closure))
#22 C:\\Users\\Steam\\Desktop\\Projekt\\Gruppe-17\\API\\OGP\\vendor\\laravel\\framework\\src\\Illuminate\\Foundation\\Http\\Middleware\\TransformsRequest.php(21): Illuminate\\Pipeline\\Pipeline->Illuminate\\Pipeline\\{closure}(Object(Illuminate\\Http\\Request))
#23 C:\\Users\\Steam\\Desktop\\Projekt\\Gruppe-17\\API\\OGP\\vendor\\laravel\\framework\\src\\Illuminate\\Foundation\\Http\\Middleware\\ConvertEmptyStringsToNull.php(31): Illuminate\\Foundation\\Http\\Middleware\\TransformsRequest->handle(Object(Illuminate\\Http\\Request), Object(Closure))
#24 C:\\Users\\Steam\\Desktop\\Projekt\\Gruppe-17\\API\\OGP\\vendor\\laravel\\framework\\src\\Illuminate\\Pipeline\\Pipeline.php(180): Illuminate\\Foundation\\Http\\Middleware\\ConvertEmptyStringsToNull->handle(Object(Illuminate\\Http\\Request), Object(Closure))
#25 C:\\Users\\Steam\\Desktop\\Projekt\\Gruppe-17\\API\\OGP\\vendor\\laravel\\framework\\src\\Illuminate\\Foundation\\Http\\Middleware\\TransformsRequest.php(21): Illuminate\\Pipeline\\Pipeline->Illuminate\\Pipeline\\{closure}(Object(Illuminate\\Http\\Request))
#26 C:\\Users\\Steam\\Desktop\\Projekt\\Gruppe-17\\API\\OGP\\vendor\\laravel\\framework\\src\\Illuminate\\Foundation\\Http\\Middleware\\TrimStrings.php(40): Illuminate\\Foundation\\Http\\Middleware\\TransformsRequest->handle(Object(Illuminate\\Http\\Request), Object(Closure))
#27 C:\\Users\\Steam\\Desktop\\Projekt\\Gruppe-17\\API\\OGP\\vendor\\laravel\\framework\\src\\Illuminate\\Pipeline\\Pipeline.php(180): Illuminate\\Foundation\\Http\\Middleware\\TrimStrings->handle(Object(Illuminate\\Http\\Request), Object(Closure))
#28 C:\\Users\\Steam\\Desktop\\Projekt\\Gruppe-17\\API\\OGP\\vendor\\laravel\\framework\\src\\Illuminate\\Foundation\\Http\\Middleware\\ValidatePostSize.php(27): Illuminate\\Pipeline\\Pipeline->Illuminate\\Pipeline\\{closure}(Object(Illuminate\\Http\\Request))
#29 C:\\Users\\Steam\\Desktop\\Projekt\\Gruppe-17\\API\\OGP\\vendor\\laravel\\framework\\src\\Illuminate\\Pipeline\\Pipeline.php(180): Illuminate\\Foundation\\Http\\Middleware\\ValidatePostSize->handle(Object(Illuminate\\Http\\Request), Object(Closure))
#30 C:\\Users\\Steam\\Desktop\\Projekt\\Gruppe-17\\API\\OGP\\vendor\\laravel\\framework\\src\\Illuminate\\Foundation\\Http\\Middleware\\PreventRequestsDuringMaintenance.php(86): Illuminate\\Pipeline\\Pipeline->Illuminate\\Pipeline\\{closure}(Object(Illuminate\\Http\\Request))
#31 C:\\Users\\Steam\\Desktop\\Projekt\\Gruppe-17\\API\\OGP\\vendor\\laravel\\framework\\src\\Illuminate\\Pipeline\\Pipeline.php(180): Illuminate\\Foundation\\Http\\Middleware\\PreventRequestsDuringMaintenance->handle(Object(Illuminate\\Http\\Request), Object(Closure))
#32 C:\\Users\\Steam\\Desktop\\Projekt\\Gruppe-17\\API\\OGP\\vendor\\laravel\\framework\\src\\Illuminate\\Http\\Middleware\\HandleCors.php(49): Illuminate\\Pipeline\\Pipeline->Illuminate\\Pipeline\\{closure}(Object(Illuminate\\Http\\Request))
#33 C:\\Users\\Steam\\Desktop\\Projekt\\Gruppe-17\\API\\OGP\\vendor\\laravel\\framework\\src\\Illuminate\\Pipeline\\Pipeline.php(180): Illuminate\\Http\\Middleware\\HandleCors->handle(Object(Illuminate\\Http\\Request), Object(Closure))
#34 C:\\Users\\Steam\\Desktop\\Projekt\\Gruppe-17\\API\\OGP\\vendor\\laravel\\framework\\src\\Illuminate\\Http\\Middleware\\TrustProxies.php(39): Illuminate\\Pipeline\\Pipeline->Illuminate\\Pipeline\\{closure}(Object(Illuminate\\Http\\Request))
#35 C:\\Users\\Steam\\Desktop\\Projekt\\Gruppe-17\\API\\OGP\\vendor\\laravel\\framework\\src\\Illuminate\\Pipeline\\Pipeline.php(180): Illuminate\\Http\\Middleware\\TrustProxies->handle(Object(Illuminate\\Http\\Request), Object(Closure))
#36 C:\\Users\\Steam\\Desktop\\Projekt\\Gruppe-17\\API\\OGP\\vendor\\laravel\\framework\\src\\Illuminate\\Pipeline\\Pipeline.php(116): Illuminate\\Pipeline\\Pipeline->Illuminate\\Pipeline\\{closure}(Object(Illuminate\\Http\\Request))
#37 C:\\Users\\Steam\\Desktop\\Projekt\\Gruppe-17\\API\\OGP\\vendor\\laravel\\framework\\src\\Illuminate\\Foundation\\Http\\Kernel.php(142): Illuminate\\Pipeline\\Pipeline->then(Object(Closure))
#38 C:\\Users\\Steam\\Desktop\\Projekt\\Gruppe-17\\API\\OGP\\vendor\\laravel\\framework\\src\\Illuminate\\Foundation\\Http\\Kernel.php(111): Illuminate\\Foundation\\Http\\Kernel->sendRequestThroughRouter(Object(Illuminate\\Http\\Request))
#39 C:\\Users\\Steam\\Desktop\\Projekt\\Gruppe-17\\API\\OGP\\public\\index.php(52): Illuminate\\Foundation\\Http\\Kernel->handle(Object(Illuminate\\Http\\Request))
#40 C:\\Users\\Steam\\Desktop\\Projekt\\Gruppe-17\\API\\OGP\\vendor\\laravel\\framework\\src\\Illuminate\\Foundation\esources\\server.php(16): require_once('C:\\\\Users\\\\Steam\\\\...')
#41 {main}
"} 
[2022-03-29 13:23:22] local.ERROR: Target class [App\Http\Controllers\API\UserController] does not exist. {"exception":"[object] (Illuminate\\Contracts\\Container\\BindingResolutionException(code: 0): Target class [App\\Http\\Controllers\\API\\UserController] does not exist. at C:\\Users\\Steam\\Desktop\\Projekt\\Gruppe-17\\API\\OGP\\vendor\\laravel\\framework\\src\\Illuminate\\Container\\Container.php:879)
[stacktrace]
#0 C:\\Users\\Steam\\Desktop\\Projekt\\Gruppe-17\\API\\OGP\\vendor\\laravel\\framework\\src\\Illuminate\\Container\\Container.php(758): Illuminate\\Container\\Container->build('App\\\\Http\\\\Contro...')
#1 C:\\Users\\Steam\\Desktop\\Projekt\\Gruppe-17\\API\\OGP\\vendor\\laravel\\framework\\src\\Illuminate\\Foundation\\Application.php(855): Illuminate\\Container\\Container->resolve('App\\\\Http\\\\Contro...', Array, true)
#2 C:\\Users\\Steam\\Desktop\\Projekt\\Gruppe-17\\API\\OGP\\vendor\\laravel\\framework\\src\\Illuminate\\Container\\Container.php(694): Illuminate\\Foundation\\Application->resolve('App\\\\Http\\\\Contro...', Array)
#3 C:\\Users\\Steam\\Desktop\\Projekt\\Gruppe-17\\API\\OGP\\vendor\\laravel\\framework\\src\\Illuminate\\Foundation\\Application.php(840): Illuminate\\Container\\Container->make('App\\\\Http\\\\Contro...', Array)
#4 C:\\Users\\Steam\\Desktop\\Projekt\\Gruppe-17\\API\\OGP\\vendor\\laravel\\framework\\src\\Illuminate\\Routing\\Route.php(275): Illuminate\\Foundation\\Application->make('App\\\\Http\\\\Contro...')
#5 C:\\Users\\Steam\\Desktop\\Projekt\\Gruppe-17\\API\\OGP\\vendor\\laravel\\framework\\src\\Illuminate\\Routing\\Route.php(1081): Illuminate\\Routing\\Route->getController()
#6 C:\\Users\\Steam\\Desktop\\Projekt\\Gruppe-17\\API\\OGP\\vendor\\laravel\\framework\\src\\Illuminate\\Routing\\Route.php(1024): Illuminate\\Routing\\Route->controllerMiddleware()
#7 C:\\Users\\Steam\\Desktop\\Projekt\\Gruppe-17\\API\\OGP\\vendor\\laravel\\framework\\src\\Illuminate\\Routing\\Router.php(738): Illuminate\\Routing\\Route->gatherMiddleware()
#8 C:\\Users\\Steam\\Desktop\\Projekt\\Gruppe-17\\API\\OGP\\vendor\\laravel\\framework\\src\\Illuminate\\Routing\\Router.php(718): Illuminate\\Routing\\Router->gatherRouteMiddleware(Object(Illuminate\\Routing\\Route))
#9 C:\\Users\\Steam\\Desktop\\Projekt\\Gruppe-17\\API\\OGP\\vendor\\laravel\\framework\\src\\Illuminate\\Routing\\Router.php(702): Illuminate\\Routing\\Router->runRouteWithinStack(Object(Illuminate\\Routing\\Route), Object(Illuminate\\Http\\Request))
#10 C:\\Users\\Steam\\Desktop\\Projekt\\Gruppe-17\\API\\OGP\\vendor\\laravel\\framework\\src\\Illuminate\\Routing\\Router.php(666): Illuminate\\Routing\\Router->runRoute(Object(Illuminate\\Http\\Request), Object(Illuminate\\Routing\\Route))
#11 C:\\Users\\Steam\\Desktop\\Projekt\\Gruppe-17\\API\\OGP\\vendor\\laravel\\framework\\src\\Illuminate\\Routing\\Router.php(655): Illuminate\\Routing\\Router->dispatchToRoute(Object(Illuminate\\Http\\Request))
#12 C:\\Users\\Steam\\Desktop\\Projekt\\Gruppe-17\\API\\OGP\\vendor\\laravel\\framework\\src\\Illuminate\\Foundation\\Http\\Kernel.php(167): Illuminate\\Routing\\Router->dispatch(Object(Illuminate\\Http\\Request))
#13 C:\\Users\\Steam\\Desktop\\Projekt\\Gruppe-17\\API\\OGP\\vendor\\laravel\\framework\\src\\Illuminate\\Pipeline\\Pipeline.php(141): Illuminate\\Foundation\\Http\\Kernel->Illuminate\\Foundation\\Http\\{closure}(Object(Illuminate\\Http\\Request))
#14 C:\\Users\\Steam\\Desktop\\Projekt\\Gruppe-17\\API\\OGP\\vendor\\livewire\\livewire\\src\\DisableBrowserCache.php(19): Illuminate\\Pipeline\\Pipeline->Illuminate\\Pipeline\\{closure}(Object(Illuminate\\Http\\Request))
#15 C:\\Users\\Steam\\Desktop\\Projekt\\Gruppe-17\\API\\OGP\\vendor\\laravel\\framework\\src\\Illuminate\\Pipeline\\Pipeline.php(180): Livewire\\DisableBrowserCache->handle(Object(Illuminate\\Http\\Request), Object(Closure))
#16 C:\\Users\\Steam\\Desktop\\Projekt\\Gruppe-17\\API\\OGP\\vendor\\laravel\\framework\\src\\Illuminate\\Foundation\\Http\\Middleware\\TransformsRequest.php(21): Illuminate\\Pipeline\\Pipeline->Illuminate\\Pipeline\\{closure}(Object(Illuminate\\Http\\Request))
#17 C:\\Users\\Steam\\Desktop\\Projekt\\Gruppe-17\\API\\OGP\\vendor\\laravel\\framework\\src\\Illuminate\\Foundation\\Http\\Middleware\\ConvertEmptyStringsToNull.php(31): Illuminate\\Foundation\\Http\\Middleware\\TransformsRequest->handle(Object(Illuminate\\Http\\Request), Object(Closure))
#18 C:\\Users\\Steam\\Desktop\\Projekt\\Gruppe-17\\API\\OGP\\vendor\\laravel\\framework\\src\\Illuminate\\Pipeline\\Pipeline.php(180): Illuminate\\Foundation\\Http\\Middleware\\ConvertEmptyStringsToNull->handle(Object(Illuminate\\Http\\Request), Object(Closure))
#19 C:\\Users\\Steam\\Desktop\\Projekt\\Gruppe-17\\API\\OGP\\vendor\\laravel\\framework\\src\\Illuminate\\Foundation\\Http\\Middleware\\TransformsRequest.php(21): Illuminate\\Pipeline\\Pipeline->Illuminate\\Pipeline\\{closure}(Object(Illuminate\\Http\\Request))
#20 C:\\Users\\Steam\\Desktop\\Projekt\\Gruppe-17\\API\\OGP\\vendor\\laravel\\framework\\src\\Illuminate\\Foundation\\Http\\Middleware\\TrimStrings.php(40): Illuminate\\Foundation\\Http\\Middleware\\TransformsRequest->handle(Object(Illuminate\\Http\\Request), Object(Closure))
#21 C:\\Users\\Steam\\Desktop\\Projekt\\Gruppe-17\\API\\OGP\\vendor\\laravel\\framework\\src\\Illuminate\\Pipeline\\Pipeline.php(180): Illuminate\\Foundation\\Http\\Middleware\\TrimStrings->handle(Object(Illuminate\\Http\\Request), Object(Closure))
#22 C:\\Users\\Steam\\Desktop\\Projekt\\Gruppe-17\\API\\OGP\\vendor\\laravel\\framework\\src\\Illuminate\\Foundation\\Http\\Middleware\\ValidatePostSize.php(27): Illuminate\\Pipeline\\Pipeline->Illuminate\\Pipeline\\{closure}(Object(Illuminate\\Http\\Request))
#23 C:\\Users\\Steam\\Desktop\\Projekt\\Gruppe-17\\API\\OGP\\vendor\\laravel\\framework\\src\\Illuminate\\Pipeline\\Pipeline.php(180): Illuminate\\Foundation\\Http\\Middleware\\ValidatePostSize->handle(Object(Illuminate\\Http\\Request), Object(Closure))
#24 C:\\Users\\Steam\\Desktop\\Projekt\\Gruppe-17\\API\\OGP\\vendor\\laravel\\framework\\src\\Illuminate\\Foundation\\Http\\Middleware\\PreventRequestsDuringMaintenance.php(86): Illuminate\\Pipeline\\Pipeline->Illuminate\\Pipeline\\{closure}(Object(Illuminate\\Http\\Request))
#25 C:\\Users\\Steam\\Desktop\\Projekt\\Gruppe-17\\API\\OGP\\vendor\\laravel\\framework\\src\\Illuminate\\Pipeline\\Pipeline.php(180): Illuminate\\Foundation\\Http\\Middleware\\PreventRequestsDuringMaintenance->handle(Object(Illuminate\\Http\\Request), Object(Closure))
#26 C:\\Users\\Steam\\Desktop\\Projekt\\Gruppe-17\\API\\OGP\\vendor\\laravel\\framework\\src\\Illuminate\\Http\\Middleware\\HandleCors.php(62): Illuminate\\Pipeline\\Pipeline->Illuminate\\Pipeline\\{closure}(Object(Illuminate\\Http\\Request))
#27 C:\\Users\\Steam\\Desktop\\Projekt\\Gruppe-17\\API\\OGP\\vendor\\laravel\\framework\\src\\Illuminate\\Pipeline\\Pipeline.php(180): Illuminate\\Http\\Middleware\\HandleCors->handle(Object(Illuminate\\Http\\Request), Object(Closure))
#28 C:\\Users\\Steam\\Desktop\\Projekt\\Gruppe-17\\API\\OGP\\vendor\\laravel\\framework\\src\\Illuminate\\Http\\Middleware\\TrustProxies.php(39): Illuminate\\Pipeline\\Pipeline->Illuminate\\Pipeline\\{closure}(Object(Illuminate\\Http\\Request))
#29 C:\\Users\\Steam\\Desktop\\Projekt\\Gruppe-17\\API\\OGP\\vendor\\laravel\\framework\\src\\Illuminate\\Pipeline\\Pipeline.php(180): Illuminate\\Http\\Middleware\\TrustProxies->handle(Object(Illuminate\\Http\\Request), Object(Closure))
#30 C:\\Users\\Steam\\Desktop\\Projekt\\Gruppe-17\\API\\OGP\\vendor\\laravel\\framework\\src\\Illuminate\\Pipeline\\Pipeline.php(116): Illuminate\\Pipeline\\Pipeline->Illuminate\\Pipeline\\{closure}(Object(Illuminate\\Http\\Request))
#31 C:\\Users\\Steam\\Desktop\\Projekt\\Gruppe-17\\API\\OGP\\vendor\\laravel\\framework\\src\\Illuminate\\Foundation\\Http\\Kernel.php(142): Illuminate\\Pipeline\\Pipeline->then(Object(Closure))
#32 C:\\Users\\Steam\\Desktop\\Projekt\\Gruppe-17\\API\\OGP\\vendor\\laravel\\framework\\src\\Illuminate\\Foundation\\Http\\Kernel.php(111): Illuminate\\Foundation\\Http\\Kernel->sendRequestThroughRouter(Object(Illuminate\\Http\\Request))
#33 C:\\Users\\Steam\\Desktop\\Projekt\\Gruppe-17\\API\\OGP\\public\\index.php(52): Illuminate\\Foundation\\Http\\Kernel->handle(Object(Illuminate\\Http\\Request))
#34 C:\\Users\\Steam\\Desktop\\Projekt\\Gruppe-17\\API\\OGP\\vendor\\laravel\\framework\\src\\Illuminate\\Foundation\esources\\server.php(16): require_once('C:\\\\Users\\\\Steam\\\\...')
#35 {main}

[previous exception] [object] (ReflectionException(code: -1): Class \"App\\Http\\Controllers\\API\\UserController\" does not exist at C:\\Users\\Steam\\Desktop\\Projekt\\Gruppe-17\\API\\OGP\\vendor\\laravel\\framework\\src\\Illuminate\\Container\\Container.php:877)
[stacktrace]
#0 C:\\Users\\Steam\\Desktop\\Projekt\\Gruppe-17\\API\\OGP\\vendor\\laravel\\framework\\src\\Illuminate\\Container\\Container.php(877): ReflectionClass->__construct('App\\\\Http\\\\Contro...')
#1 C:\\Users\\Steam\\Desktop\\Projekt\\Gruppe-17\\API\\OGP\\vendor\\laravel\\framework\\src\\Illuminate\\Container\\Container.php(758): Illuminate\\Container\\Container->build('App\\\\Http\\\\Contro...')
#2 C:\\Users\\Steam\\Desktop\\Projekt\\Gruppe-17\\API\\OGP\\vendor\\laravel\\framework\\src\\Illuminate\\Foundation\\Application.php(855): Illuminate\\Container\\Container->resolve('App\\\\Http\\\\Contro...', Array, true)
#3 C:\\Users\\Steam\\Desktop\\Projekt\\Gruppe-17\\API\\OGP\\vendor\\laravel\\framework\\src\\Illuminate\\Container\\Container.php(694): Illuminate\\Foundation\\Application->resolve('App\\\\Http\\\\Contro...', Array)
#4 C:\\Users\\Steam\\Desktop\\Projekt\\Gruppe-17\\API\\OGP\\vendor\\laravel\\framework\\src\\Illuminate\\Foundation\\Application.php(840): Illuminate\\Container\\Container->make('App\\\\Http\\\\Contro...', Array)
#5 C:\\Users\\Steam\\Desktop\\Projekt\\Gruppe-17\\API\\OGP\\vendor\\laravel\\framework\\src\\Illuminate\\Routing\\Route.php(275): Illuminate\\Foundation\\Application->make('App\\\\Http\\\\Contro...')
#6 C:\\Users\\Steam\\Desktop\\Projekt\\Gruppe-17\\API\\OGP\\vendor\\laravel\\framework\\src\\Illuminate\\Routing\\Route.php(1081): Illuminate\\Routing\\Route->getController()
#7 C:\\Users\\Steam\\Desktop\\Projekt\\Gruppe-17\\API\\OGP\\vendor\\laravel\\framework\\src\\Illuminate\\Routing\\Route.php(1024): Illuminate\\Routing\\Route->controllerMiddleware()
#8 C:\\Users\\Steam\\Desktop\\Projekt\\Gruppe-17\\API\\OGP\\vendor\\laravel\\framework\\src\\Illuminate\\Routing\\Router.php(738): Illuminate\\Routing\\Route->gatherMiddleware()
#9 C:\\Users\\Steam\\Desktop\\Projekt\\Gruppe-17\\API\\OGP\\vendor\\laravel\\framework\\src\\Illuminate\\Routing\\Router.php(718): Illuminate\\Routing\\Router->gatherRouteMiddleware(Object(Illuminate\\Routing\\Route))
#10 C:\\Users\\Steam\\Desktop\\Projekt\\Gruppe-17\\API\\OGP\\vendor\\laravel\\framework\\src\\Illuminate\\Routing\\Router.php(702): Illuminate\\Routing\\Router->runRouteWithinStack(Object(Illuminate\\Routing\\Route), Object(Illuminate\\Http\\Request))
#11 C:\\Users\\Steam\\Desktop\\Projekt\\Gruppe-17\\API\\OGP\\vendor\\laravel\\framework\\src\\Illuminate\\Routing\\Router.php(666): Illuminate\\Routing\\Router->runRoute(Object(Illuminate\\Http\\Request), Object(Illuminate\\Routing\\Route))
#12 C:\\Users\\Steam\\Desktop\\Projekt\\Gruppe-17\\API\\OGP\\vendor\\laravel\\framework\\src\\Illuminate\\Routing\\Router.php(655): Illuminate\\Routing\\Router->dispatchToRoute(Object(Illuminate\\Http\\Request))
#13 C:\\Users\\Steam\\Desktop\\Projekt\\Gruppe-17\\API\\OGP\\vendor\\laravel\\framework\\src\\Illuminate\\Foundation\\Http\\Kernel.php(167): Illuminate\\Routing\\Router->dispatch(Object(Illuminate\\Http\\Request))
#14 C:\\Users\\Steam\\Desktop\\Projekt\\Gruppe-17\\API\\OGP\\vendor\\laravel\\framework\\src\\Illuminate\\Pipeline\\Pipeline.php(141): Illuminate\\Foundation\\Http\\Kernel->Illuminate\\Foundation\\Http\\{closure}(Object(Illuminate\\Http\\Request))
#15 C:\\Users\\Steam\\Desktop\\Projekt\\Gruppe-17\\API\\OGP\\vendor\\livewire\\livewire\\src\\DisableBrowserCache.php(19): Illuminate\\Pipeline\\Pipeline->Illuminate\\Pipeline\\{closure}(Object(Illuminate\\Http\\Request))
#16 C:\\Users\\Steam\\Desktop\\Projekt\\Gruppe-17\\API\\OGP\\vendor\\laravel\\framework\\src\\Illuminate\\Pipeline\\Pipeline.php(180): Livewire\\DisableBrowserCache->handle(Object(Illuminate\\Http\\Request), Object(Closure))
#17 C:\\Users\\Steam\\Desktop\\Projekt\\Gruppe-17\\API\\OGP\\vendor\\laravel\\framework\\src\\Illuminate\\Foundation\\Http\\Middleware\\TransformsRequest.php(21): Illuminate\\Pipeline\\Pipeline->Illuminate\\Pipeline\\{closure}(Object(Illuminate\\Http\\Request))
#18 C:\\Users\\Steam\\Desktop\\Projekt\\Gruppe-17\\API\\OGP\\vendor\\laravel\\framework\\src\\Illuminate\\Foundation\\Http\\Middleware\\ConvertEmptyStringsToNull.php(31): Illuminate\\Foundation\\Http\\Middleware\\TransformsRequest->handle(Object(Illuminate\\Http\\Request), Object(Closure))
#19 C:\\Users\\Steam\\Desktop\\Projekt\\Gruppe-17\\API\\OGP\\vendor\\laravel\\framework\\src\\Illuminate\\Pipeline\\Pipeline.php(180): Illuminate\\Foundation\\Http\\Middleware\\ConvertEmptyStringsToNull->handle(Object(Illuminate\\Http\\Request), Object(Closure))
#20 C:\\Users\\Steam\\Desktop\\Projekt\\Gruppe-17\\API\\OGP\\vendor\\laravel\\framework\\src\\Illuminate\\Foundation\\Http\\Middleware\\TransformsRequest.php(21): Illuminate\\Pipeline\\Pipeline->Illuminate\\Pipeline\\{closure}(Object(Illuminate\\Http\\Request))
#21 C:\\Users\\Steam\\Desktop\\Projekt\\Gruppe-17\\API\\OGP\\vendor\\laravel\\framework\\src\\Illuminate\\Foundation\\Http\\Middleware\\TrimStrings.php(40): Illuminate\\Foundation\\Http\\Middleware\\TransformsRequest->handle(Object(Illuminate\\Http\\Request), Object(Closure))
#22 C:\\Users\\Steam\\Desktop\\Projekt\\Gruppe-17\\API\\OGP\\vendor\\laravel\\framework\\src\\Illuminate\\Pipeline\\Pipeline.php(180): Illuminate\\Foundation\\Http\\Middleware\\TrimStrings->handle(Object(Illuminate\\Http\\Request), Object(Closure))
#23 C:\\Users\\Steam\\Desktop\\Projekt\\Gruppe-17\\API\\OGP\\vendor\\laravel\\framework\\src\\Illuminate\\Foundation\\Http\\Middleware\\ValidatePostSize.php(27): Illuminate\\Pipeline\\Pipeline->Illuminate\\Pipeline\\{closure}(Object(Illuminate\\Http\\Request))
#24 C:\\Users\\Steam\\Desktop\\Projekt\\Gruppe-17\\API\\OGP\\vendor\\laravel\\framework\\src\\Illuminate\\Pipeline\\Pipeline.php(180): Illuminate\\Foundation\\Http\\Middleware\\ValidatePostSize->handle(Object(Illuminate\\Http\\Request), Object(Closure))
#25 C:\\Users\\Steam\\Desktop\\Projekt\\Gruppe-17\\API\\OGP\\vendor\\laravel\\framework\\src\\Illuminate\\Foundation\\Http\\Middleware\\PreventRequestsDuringMaintenance.php(86): Illuminate\\Pipeline\\Pipeline->Illuminate\\Pipeline\\{closure}(Object(Illuminate\\Http\\Request))
#26 C:\\Users\\Steam\\Desktop\\Projekt\\Gruppe-17\\API\\OGP\\vendor\\laravel\\framework\\src\\Illuminate\\Pipeline\\Pipeline.php(180): Illuminate\\Foundation\\Http\\Middleware\\PreventRequestsDuringMaintenance->handle(Object(Illuminate\\Http\\Request), Object(Closure))
#27 C:\\Users\\Steam\\Desktop\\Projekt\\Gruppe-17\\API\\OGP\\vendor\\laravel\\framework\\src\\Illuminate\\Http\\Middleware\\HandleCors.php(62): Illuminate\\Pipeline\\Pipeline->Illuminate\\Pipeline\\{closure}(Object(Illuminate\\Http\\Request))
#28 C:\\Users\\Steam\\Desktop\\Projekt\\Gruppe-17\\API\\OGP\\vendor\\laravel\\framework\\src\\Illuminate\\Pipeline\\Pipeline.php(180): Illuminate\\Http\\Middleware\\HandleCors->handle(Object(Illuminate\\Http\\Request), Object(Closure))
#29 C:\\Users\\Steam\\Desktop\\Projekt\\Gruppe-17\\API\\OGP\\vendor\\laravel\\framework\\src\\Illuminate\\Http\\Middleware\\TrustProxies.php(39): Illuminate\\Pipeline\\Pipeline->Illuminate\\Pipeline\\{closure}(Object(Illuminate\\Http\\Request))
#30 C:\\Users\\Steam\\Desktop\\Projekt\\Gruppe-17\\API\\OGP\\vendor\\laravel\\framework\\src\\Illuminate\\Pipeline\\Pipeline.php(180): Illuminate\\Http\\Middleware\\TrustProxies->handle(Object(Illuminate\\Http\\Request), Object(Closure))
#31 C:\\Users\\Steam\\Desktop\\Projekt\\Gruppe-17\\API\\OGP\\vendor\\laravel\\framework\\src\\Illuminate\\Pipeline\\Pipeline.php(116): Illuminate\\Pipeline\\Pipeline->Illuminate\\Pipeline\\{closure}(Object(Illuminate\\Http\\Request))
#32 C:\\Users\\Steam\\Desktop\\Projekt\\Gruppe-17\\API\\OGP\\vendor\\laravel\\framework\\src\\Illuminate\\Foundation\\Http\\Kernel.php(142): Illuminate\\Pipeline\\Pipeline->then(Object(Closure))
#33 C:\\Users\\Steam\\Desktop\\Projekt\\Gruppe-17\\API\\OGP\\vendor\\laravel\\framework\\src\\Illuminate\\Foundation\\Http\\Kernel.php(111): Illuminate\\Foundation\\Http\\Kernel->sendRequestThroughRouter(Object(Illuminate\\Http\\Request))
#34 C:\\Users\\Steam\\Desktop\\Projekt\\Gruppe-17\\API\\OGP\\public\\index.php(52): Illuminate\\Foundation\\Http\\Kernel->handle(Object(Illuminate\\Http\\Request))
#35 C:\\Users\\Steam\\Desktop\\Projekt\\Gruppe-17\\API\\OGP\\vendor\\laravel\\framework\\src\\Illuminate\\Foundation\esources\\server.php(16): require_once('C:\\\\Users\\\\Steam\\\\...')
#36 {main}
"} 
[2022-03-29 13:24:06] local.ERROR: Target class [App\Http\Controllers\API\UserController] does not exist. {"exception":"[object] (Illuminate\\Contracts\\Container\\BindingResolutionException(code: 0): Target class [App\\Http\\Controllers\\API\\UserController] does not exist. at C:\\Users\\Steam\\Desktop\\Projekt\\Gruppe-17\\API\\OGP\\vendor\\laravel\\framework\\src\\Illuminate\\Container\\Container.php:879)
[stacktrace]
#0 C:\\Users\\Steam\\Desktop\\Projekt\\Gruppe-17\\API\\OGP\\vendor\\laravel\\framework\\src\\Illuminate\\Container\\Container.php(758): Illuminate\\Container\\Container->build('App\\\\Http\\\\Contro...')
#1 C:\\Users\\Steam\\Desktop\\Projekt\\Gruppe-17\\API\\OGP\\vendor\\laravel\\framework\\src\\Illuminate\\Foundation\\Application.php(855): Illuminate\\Container\\Container->resolve('App\\\\Http\\\\Contro...', Array, true)
#2 C:\\Users\\Steam\\Desktop\\Projekt\\Gruppe-17\\API\\OGP\\vendor\\laravel\\framework\\src\\Illuminate\\Container\\Container.php(694): Illuminate\\Foundation\\Application->resolve('App\\\\Http\\\\Contro...', Array)
#3 C:\\Users\\Steam\\Desktop\\Projekt\\Gruppe-17\\API\\OGP\\vendor\\laravel\\framework\\src\\Illuminate\\Foundation\\Application.php(840): Illuminate\\Container\\Container->make('App\\\\Http\\\\Contro...', Array)
#4 C:\\Users\\Steam\\Desktop\\Projekt\\Gruppe-17\\API\\OGP\\vendor\\laravel\\framework\\src\\Illuminate\\Routing\\Route.php(275): Illuminate\\Foundation\\Application->make('App\\\\Http\\\\Contro...')
#5 C:\\Users\\Steam\\Desktop\\Projekt\\Gruppe-17\\API\\OGP\\vendor\\laravel\\framework\\src\\Illuminate\\Routing\\Route.php(1081): Illuminate\\Routing\\Route->getController()
#6 C:\\Users\\Steam\\Desktop\\Projekt\\Gruppe-17\\API\\OGP\\vendor\\laravel\\framework\\src\\Illuminate\\Routing\\Route.php(1024): Illuminate\\Routing\\Route->controllerMiddleware()
#7 C:\\Users\\Steam\\Desktop\\Projekt\\Gruppe-17\\API\\OGP\\vendor\\laravel\\framework\\src\\Illuminate\\Routing\\Router.php(738): Illuminate\\Routing\\Route->gatherMiddleware()
#8 C:\\Users\\Steam\\Desktop\\Projekt\\Gruppe-17\\API\\OGP\\vendor\\laravel\\framework\\src\\Illuminate\\Routing\\Router.php(718): Illuminate\\Routing\\Router->gatherRouteMiddleware(Object(Illuminate\\Routing\\Route))
#9 C:\\Users\\Steam\\Desktop\\Projekt\\Gruppe-17\\API\\OGP\\vendor\\laravel\\framework\\src\\Illuminate\\Routing\\Router.php(702): Illuminate\\Routing\\Router->runRouteWithinStack(Object(Illuminate\\Routing\\Route), Object(Illuminate\\Http\\Request))
#10 C:\\Users\\Steam\\Desktop\\Projekt\\Gruppe-17\\API\\OGP\\vendor\\laravel\\framework\\src\\Illuminate\\Routing\\Router.php(666): Illuminate\\Routing\\Router->runRoute(Object(Illuminate\\Http\\Request), Object(Illuminate\\Routing\\Route))
#11 C:\\Users\\Steam\\Desktop\\Projekt\\Gruppe-17\\API\\OGP\\vendor\\laravel\\framework\\src\\Illuminate\\Routing\\Router.php(655): Illuminate\\Routing\\Router->dispatchToRoute(Object(Illuminate\\Http\\Request))
#12 C:\\Users\\Steam\\Desktop\\Projekt\\Gruppe-17\\API\\OGP\\vendor\\laravel\\framework\\src\\Illuminate\\Foundation\\Http\\Kernel.php(167): Illuminate\\Routing\\Router->dispatch(Object(Illuminate\\Http\\Request))
#13 C:\\Users\\Steam\\Desktop\\Projekt\\Gruppe-17\\API\\OGP\\vendor\\laravel\\framework\\src\\Illuminate\\Pipeline\\Pipeline.php(141): Illuminate\\Foundation\\Http\\Kernel->Illuminate\\Foundation\\Http\\{closure}(Object(Illuminate\\Http\\Request))
#14 C:\\Users\\Steam\\Desktop\\Projekt\\Gruppe-17\\API\\OGP\\vendor\\livewire\\livewire\\src\\DisableBrowserCache.php(19): Illuminate\\Pipeline\\Pipeline->Illuminate\\Pipeline\\{closure}(Object(Illuminate\\Http\\Request))
#15 C:\\Users\\Steam\\Desktop\\Projekt\\Gruppe-17\\API\\OGP\\vendor\\laravel\\framework\\src\\Illuminate\\Pipeline\\Pipeline.php(180): Livewire\\DisableBrowserCache->handle(Object(Illuminate\\Http\\Request), Object(Closure))
#16 C:\\Users\\Steam\\Desktop\\Projekt\\Gruppe-17\\API\\OGP\\vendor\\laravel\\framework\\src\\Illuminate\\Foundation\\Http\\Middleware\\TransformsRequest.php(21): Illuminate\\Pipeline\\Pipeline->Illuminate\\Pipeline\\{closure}(Object(Illuminate\\Http\\Request))
#17 C:\\Users\\Steam\\Desktop\\Projekt\\Gruppe-17\\API\\OGP\\vendor\\laravel\\framework\\src\\Illuminate\\Foundation\\Http\\Middleware\\ConvertEmptyStringsToNull.php(31): Illuminate\\Foundation\\Http\\Middleware\\TransformsRequest->handle(Object(Illuminate\\Http\\Request), Object(Closure))
#18 C:\\Users\\Steam\\Desktop\\Projekt\\Gruppe-17\\API\\OGP\\vendor\\laravel\\framework\\src\\Illuminate\\Pipeline\\Pipeline.php(180): Illuminate\\Foundation\\Http\\Middleware\\ConvertEmptyStringsToNull->handle(Object(Illuminate\\Http\\Request), Object(Closure))
#19 C:\\Users\\Steam\\Desktop\\Projekt\\Gruppe-17\\API\\OGP\\vendor\\laravel\\framework\\src\\Illuminate\\Foundation\\Http\\Middleware\\TransformsRequest.php(21): Illuminate\\Pipeline\\Pipeline->Illuminate\\Pipeline\\{closure}(Object(Illuminate\\Http\\Request))
#20 C:\\Users\\Steam\\Desktop\\Projekt\\Gruppe-17\\API\\OGP\\vendor\\laravel\\framework\\src\\Illuminate\\Foundation\\Http\\Middleware\\TrimStrings.php(40): Illuminate\\Foundation\\Http\\Middleware\\TransformsRequest->handle(Object(Illuminate\\Http\\Request), Object(Closure))
#21 C:\\Users\\Steam\\Desktop\\Projekt\\Gruppe-17\\API\\OGP\\vendor\\laravel\\framework\\src\\Illuminate\\Pipeline\\Pipeline.php(180): Illuminate\\Foundation\\Http\\Middleware\\TrimStrings->handle(Object(Illuminate\\Http\\Request), Object(Closure))
#22 C:\\Users\\Steam\\Desktop\\Projekt\\Gruppe-17\\API\\OGP\\vendor\\laravel\\framework\\src\\Illuminate\\Foundation\\Http\\Middleware\\ValidatePostSize.php(27): Illuminate\\Pipeline\\Pipeline->Illuminate\\Pipeline\\{closure}(Object(Illuminate\\Http\\Request))
#23 C:\\Users\\Steam\\Desktop\\Projekt\\Gruppe-17\\API\\OGP\\vendor\\laravel\\framework\\src\\Illuminate\\Pipeline\\Pipeline.php(180): Illuminate\\Foundation\\Http\\Middleware\\ValidatePostSize->handle(Object(Illuminate\\Http\\Request), Object(Closure))
#24 C:\\Users\\Steam\\Desktop\\Projekt\\Gruppe-17\\API\\OGP\\vendor\\laravel\\framework\\src\\Illuminate\\Foundation\\Http\\Middleware\\PreventRequestsDuringMaintenance.php(86): Illuminate\\Pipeline\\Pipeline->Illuminate\\Pipeline\\{closure}(Object(Illuminate\\Http\\Request))
#25 C:\\Users\\Steam\\Desktop\\Projekt\\Gruppe-17\\API\\OGP\\vendor\\laravel\\framework\\src\\Illuminate\\Pipeline\\Pipeline.php(180): Illuminate\\Foundation\\Http\\Middleware\\PreventRequestsDuringMaintenance->handle(Object(Illuminate\\Http\\Request), Object(Closure))
#26 C:\\Users\\Steam\\Desktop\\Projekt\\Gruppe-17\\API\\OGP\\vendor\\laravel\\framework\\src\\Illuminate\\Http\\Middleware\\HandleCors.php(62): Illuminate\\Pipeline\\Pipeline->Illuminate\\Pipeline\\{closure}(Object(Illuminate\\Http\\Request))
#27 C:\\Users\\Steam\\Desktop\\Projekt\\Gruppe-17\\API\\OGP\\vendor\\laravel\\framework\\src\\Illuminate\\Pipeline\\Pipeline.php(180): Illuminate\\Http\\Middleware\\HandleCors->handle(Object(Illuminate\\Http\\Request), Object(Closure))
#28 C:\\Users\\Steam\\Desktop\\Projekt\\Gruppe-17\\API\\OGP\\vendor\\laravel\\framework\\src\\Illuminate\\Http\\Middleware\\TrustProxies.php(39): Illuminate\\Pipeline\\Pipeline->Illuminate\\Pipeline\\{closure}(Object(Illuminate\\Http\\Request))
#29 C:\\Users\\Steam\\Desktop\\Projekt\\Gruppe-17\\API\\OGP\\vendor\\laravel\\framework\\src\\Illuminate\\Pipeline\\Pipeline.php(180): Illuminate\\Http\\Middleware\\TrustProxies->handle(Object(Illuminate\\Http\\Request), Object(Closure))
#30 C:\\Users\\Steam\\Desktop\\Projekt\\Gruppe-17\\API\\OGP\\vendor\\laravel\\framework\\src\\Illuminate\\Pipeline\\Pipeline.php(116): Illuminate\\Pipeline\\Pipeline->Illuminate\\Pipeline\\{closure}(Object(Illuminate\\Http\\Request))
#31 C:\\Users\\Steam\\Desktop\\Projekt\\Gruppe-17\\API\\OGP\\vendor\\laravel\\framework\\src\\Illuminate\\Foundation\\Http\\Kernel.php(142): Illuminate\\Pipeline\\Pipeline->then(Object(Closure))
#32 C:\\Users\\Steam\\Desktop\\Projekt\\Gruppe-17\\API\\OGP\\vendor\\laravel\\framework\\src\\Illuminate\\Foundation\\Http\\Kernel.php(111): Illuminate\\Foundation\\Http\\Kernel->sendRequestThroughRouter(Object(Illuminate\\Http\\Request))
#33 C:\\Users\\Steam\\Desktop\\Projekt\\Gruppe-17\\API\\OGP\\public\\index.php(52): Illuminate\\Foundation\\Http\\Kernel->handle(Object(Illuminate\\Http\\Request))
#34 C:\\Users\\Steam\\Desktop\\Projekt\\Gruppe-17\\API\\OGP\\vendor\\laravel\\framework\\src\\Illuminate\\Foundation\esources\\server.php(16): require_once('C:\\\\Users\\\\Steam\\\\...')
#35 {main}

[previous exception] [object] (ReflectionException(code: -1): Class \"App\\Http\\Controllers\\API\\UserController\" does not exist at C:\\Users\\Steam\\Desktop\\Projekt\\Gruppe-17\\API\\OGP\\vendor\\laravel\\framework\\src\\Illuminate\\Container\\Container.php:877)
[stacktrace]
#0 C:\\Users\\Steam\\Desktop\\Projekt\\Gruppe-17\\API\\OGP\\vendor\\laravel\\framework\\src\\Illuminate\\Container\\Container.php(877): ReflectionClass->__construct('App\\\\Http\\\\Contro...')
#1 C:\\Users\\Steam\\Desktop\\Projekt\\Gruppe-17\\API\\OGP\\vendor\\laravel\\framework\\src\\Illuminate\\Container\\Container.php(758): Illuminate\\Container\\Container->build('App\\\\Http\\\\Contro...')
#2 C:\\Users\\Steam\\Desktop\\Projekt\\Gruppe-17\\API\\OGP\\vendor\\laravel\\framework\\src\\Illuminate\\Foundation\\Application.php(855): Illuminate\\Container\\Container->resolve('App\\\\Http\\\\Contro...', Array, true)
#3 C:\\Users\\Steam\\Desktop\\Projekt\\Gruppe-17\\API\\OGP\\vendor\\laravel\\framework\\src\\Illuminate\\Container\\Container.php(694): Illuminate\\Foundation\\Application->resolve('App\\\\Http\\\\Contro...', Array)
#4 C:\\Users\\Steam\\Desktop\\Projekt\\Gruppe-17\\API\\OGP\\vendor\\laravel\\framework\\src\\Illuminate\\Foundation\\Application.php(840): Illuminate\\Container\\Container->make('App\\\\Http\\\\Contro...', Array)
#5 C:\\Users\\Steam\\Desktop\\Projekt\\Gruppe-17\\API\\OGP\\vendor\\laravel\\framework\\src\\Illuminate\\Routing\\Route.php(275): Illuminate\\Foundation\\Application->make('App\\\\Http\\\\Contro...')
#6 C:\\Users\\Steam\\Desktop\\Projekt\\Gruppe-17\\API\\OGP\\vendor\\laravel\\framework\\src\\Illuminate\\Routing\\Route.php(1081): Illuminate\\Routing\\Route->getController()
#7 C:\\Users\\Steam\\Desktop\\Projekt\\Gruppe-17\\API\\OGP\\vendor\\laravel\\framework\\src\\Illuminate\\Routing\\Route.php(1024): Illuminate\\Routing\\Route->controllerMiddleware()
#8 C:\\Users\\Steam\\Desktop\\Projekt\\Gruppe-17\\API\\OGP\\vendor\\laravel\\framework\\src\\Illuminate\\Routing\\Router.php(738): Illuminate\\Routing\\Route->gatherMiddleware()
#9 C:\\Users\\Steam\\Desktop\\Projekt\\Gruppe-17\\API\\OGP\\vendor\\laravel\\framework\\src\\Illuminate\\Routing\\Router.php(718): Illuminate\\Routing\\Router->gatherRouteMiddleware(Object(Illuminate\\Routing\\Route))
#10 C:\\Users\\Steam\\Desktop\\Projekt\\Gruppe-17\\API\\OGP\\vendor\\laravel\\framework\\src\\Illuminate\\Routing\\Router.php(702): Illuminate\\Routing\\Router->runRouteWithinStack(Object(Illuminate\\Routing\\Route), Object(Illuminate\\Http\\Request))
#11 C:\\Users\\Steam\\Desktop\\Projekt\\Gruppe-17\\API\\OGP\\vendor\\laravel\\framework\\src\\Illuminate\\Routing\\Router.php(666): Illuminate\\Routing\\Router->runRoute(Object(Illuminate\\Http\\Request), Object(Illuminate\\Routing\\Route))
#12 C:\\Users\\Steam\\Desktop\\Projekt\\Gruppe-17\\API\\OGP\\vendor\\laravel\\framework\\src\\Illuminate\\Routing\\Router.php(655): Illuminate\\Routing\\Router->dispatchToRoute(Object(Illuminate\\Http\\Request))
#13 C:\\Users\\Steam\\Desktop\\Projekt\\Gruppe-17\\API\\OGP\\vendor\\laravel\\framework\\src\\Illuminate\\Foundation\\Http\\Kernel.php(167): Illuminate\\Routing\\Router->dispatch(Object(Illuminate\\Http\\Request))
#14 C:\\Users\\Steam\\Desktop\\Projekt\\Gruppe-17\\API\\OGP\\vendor\\laravel\\framework\\src\\Illuminate\\Pipeline\\Pipeline.php(141): Illuminate\\Foundation\\Http\\Kernel->Illuminate\\Foundation\\Http\\{closure}(Object(Illuminate\\Http\\Request))
#15 C:\\Users\\Steam\\Desktop\\Projekt\\Gruppe-17\\API\\OGP\\vendor\\livewire\\livewire\\src\\DisableBrowserCache.php(19): Illuminate\\Pipeline\\Pipeline->Illuminate\\Pipeline\\{closure}(Object(Illuminate\\Http\\Request))
#16 C:\\Users\\Steam\\Desktop\\Projekt\\Gruppe-17\\API\\OGP\\vendor\\laravel\\framework\\src\\Illuminate\\Pipeline\\Pipeline.php(180): Livewire\\DisableBrowserCache->handle(Object(Illuminate\\Http\\Request), Object(Closure))
#17 C:\\Users\\Steam\\Desktop\\Projekt\\Gruppe-17\\API\\OGP\\vendor\\laravel\\framework\\src\\Illuminate\\Foundation\\Http\\Middleware\\TransformsRequest.php(21): Illuminate\\Pipeline\\Pipeline->Illuminate\\Pipeline\\{closure}(Object(Illuminate\\Http\\Request))
#18 C:\\Users\\Steam\\Desktop\\Projekt\\Gruppe-17\\API\\OGP\\vendor\\laravel\\framework\\src\\Illuminate\\Foundation\\Http\\Middleware\\ConvertEmptyStringsToNull.php(31): Illuminate\\Foundation\\Http\\Middleware\\TransformsRequest->handle(Object(Illuminate\\Http\\Request), Object(Closure))
#19 C:\\Users\\Steam\\Desktop\\Projekt\\Gruppe-17\\API\\OGP\\vendor\\laravel\\framework\\src\\Illuminate\\Pipeline\\Pipeline.php(180): Illuminate\\Foundation\\Http\\Middleware\\ConvertEmptyStringsToNull->handle(Object(Illuminate\\Http\\Request), Object(Closure))
#20 C:\\Users\\Steam\\Desktop\\Projekt\\Gruppe-17\\API\\OGP\\vendor\\laravel\\framework\\src\\Illuminate\\Foundation\\Http\\Middleware\\TransformsRequest.php(21): Illuminate\\Pipeline\\Pipeline->Illuminate\\Pipeline\\{closure}(Object(Illuminate\\Http\\Request))
#21 C:\\Users\\Steam\\Desktop\\Projekt\\Gruppe-17\\API\\OGP\\vendor\\laravel\\framework\\src\\Illuminate\\Foundation\\Http\\Middleware\\TrimStrings.php(40): Illuminate\\Foundation\\Http\\Middleware\\TransformsRequest->handle(Object(Illuminate\\Http\\Request), Object(Closure))
#22 C:\\Users\\Steam\\Desktop\\Projekt\\Gruppe-17\\API\\OGP\\vendor\\laravel\\framework\\src\\Illuminate\\Pipeline\\Pipeline.php(180): Illuminate\\Foundation\\Http\\Middleware\\TrimStrings->handle(Object(Illuminate\\Http\\Request), Object(Closure))
#23 C:\\Users\\Steam\\Desktop\\Projekt\\Gruppe-17\\API\\OGP\\vendor\\laravel\\framework\\src\\Illuminate\\Foundation\\Http\\Middleware\\ValidatePostSize.php(27): Illuminate\\Pipeline\\Pipeline->Illuminate\\Pipeline\\{closure}(Object(Illuminate\\Http\\Request))
#24 C:\\Users\\Steam\\Desktop\\Projekt\\Gruppe-17\\API\\OGP\\vendor\\laravel\\framework\\src\\Illuminate\\Pipeline\\Pipeline.php(180): Illuminate\\Foundation\\Http\\Middleware\\ValidatePostSize->handle(Object(Illuminate\\Http\\Request), Object(Closure))
#25 C:\\Users\\Steam\\Desktop\\Projekt\\Gruppe-17\\API\\OGP\\vendor\\laravel\\framework\\src\\Illuminate\\Foundation\\Http\\Middleware\\PreventRequestsDuringMaintenance.php(86): Illuminate\\Pipeline\\Pipeline->Illuminate\\Pipeline\\{closure}(Object(Illuminate\\Http\\Request))
#26 C:\\Users\\Steam\\Desktop\\Projekt\\Gruppe-17\\API\\OGP\\vendor\\laravel\\framework\\src\\Illuminate\\Pipeline\\Pipeline.php(180): Illuminate\\Foundation\\Http\\Middleware\\PreventRequestsDuringMaintenance->handle(Object(Illuminate\\Http\\Request), Object(Closure))
#27 C:\\Users\\Steam\\Desktop\\Projekt\\Gruppe-17\\API\\OGP\\vendor\\laravel\\framework\\src\\Illuminate\\Http\\Middleware\\HandleCors.php(62): Illuminate\\Pipeline\\Pipeline->Illuminate\\Pipeline\\{closure}(Object(Illuminate\\Http\\Request))
#28 C:\\Users\\Steam\\Desktop\\Projekt\\Gruppe-17\\API\\OGP\\vendor\\laravel\\framework\\src\\Illuminate\\Pipeline\\Pipeline.php(180): Illuminate\\Http\\Middleware\\HandleCors->handle(Object(Illuminate\\Http\\Request), Object(Closure))
#29 C:\\Users\\Steam\\Desktop\\Projekt\\Gruppe-17\\API\\OGP\\vendor\\laravel\\framework\\src\\Illuminate\\Http\\Middleware\\TrustProxies.php(39): Illuminate\\Pipeline\\Pipeline->Illuminate\\Pipeline\\{closure}(Object(Illuminate\\Http\\Request))
#30 C:\\Users\\Steam\\Desktop\\Projekt\\Gruppe-17\\API\\OGP\\vendor\\laravel\\framework\\src\\Illuminate\\Pipeline\\Pipeline.php(180): Illuminate\\Http\\Middleware\\TrustProxies->handle(Object(Illuminate\\Http\\Request), Object(Closure))
#31 C:\\Users\\Steam\\Desktop\\Projekt\\Gruppe-17\\API\\OGP\\vendor\\laravel\\framework\\src\\Illuminate\\Pipeline\\Pipeline.php(116): Illuminate\\Pipeline\\Pipeline->Illuminate\\Pipeline\\{closure}(Object(Illuminate\\Http\\Request))
#32 C:\\Users\\Steam\\Desktop\\Projekt\\Gruppe-17\\API\\OGP\\vendor\\laravel\\framework\\src\\Illuminate\\Foundation\\Http\\Kernel.php(142): Illuminate\\Pipeline\\Pipeline->then(Object(Closure))
#33 C:\\Users\\Steam\\Desktop\\Projekt\\Gruppe-17\\API\\OGP\\vendor\\laravel\\framework\\src\\Illuminate\\Foundation\\Http\\Kernel.php(111): Illuminate\\Foundation\\Http\\Kernel->sendRequestThroughRouter(Object(Illuminate\\Http\\Request))
#34 C:\\Users\\Steam\\Desktop\\Projekt\\Gruppe-17\\API\\OGP\\public\\index.php(52): Illuminate\\Foundation\\Http\\Kernel->handle(Object(Illuminate\\Http\\Request))
#35 C:\\Users\\Steam\\Desktop\\Projekt\\Gruppe-17\\API\\OGP\\vendor\\laravel\\framework\\src\\Illuminate\\Foundation\esources\\server.php(16): require_once('C:\\\\Users\\\\Steam\\\\...')
#36 {main}
"} 
[2022-03-29 13:24:20] local.ERROR: View [welcome] not found. {"exception":"[object] (InvalidArgumentException(code: 0): View [welcome] not found. at C:\\Users\\Steam\\Desktop\\Projekt\\Gruppe-17\\API\\OGP\\vendor\\laravel\\framework\\src\\Illuminate\\View\\FileViewFinder.php:137)
[stacktrace]
#0 C:\\Users\\Steam\\Desktop\\Projekt\\Gruppe-17\\API\\OGP\\vendor\\laravel\\framework\\src\\Illuminate\\View\\FileViewFinder.php(79): Illuminate\\View\\FileViewFinder->findInPaths('welcome', Array)
#1 C:\\Users\\Steam\\Desktop\\Projekt\\Gruppe-17\\API\\OGP\\vendor\\laravel\\framework\\src\\Illuminate\\View\\Factory.php(137): Illuminate\\View\\FileViewFinder->find('welcome')
#2 C:\\Users\\Steam\\Desktop\\Projekt\\Gruppe-17\\API\\OGP\\vendor\\laravel\\framework\\src\\Illuminate\\Routing\\ResponseFactory.php(87): Illuminate\\View\\Factory->make('welcome', Array)
#3 C:\\Users\\Steam\\Desktop\\Projekt\\Gruppe-17\\API\\OGP\\vendor\\laravel\\framework\\src\\Illuminate\\Routing\\ViewController.php(37): Illuminate\\Routing\\ResponseFactory->view('welcome', Array, 200, Array)
#4 C:\\Users\\Steam\\Desktop\\Projekt\\Gruppe-17\\API\\OGP\\vendor\\laravel\\framework\\src\\Illuminate\\Routing\\Controller.php(54): Illuminate\\Routing\\ViewController->__invoke('welcome', Array, 200, Array)
#5 C:\\Users\\Steam\\Desktop\\Projekt\\Gruppe-17\\API\\OGP\\vendor\\laravel\\framework\\src\\Illuminate\\Routing\\ControllerDispatcher.php(45): Illuminate\\Routing\\Controller->callAction('__invoke', Array)
#6 C:\\Users\\Steam\\Desktop\\Projekt\\Gruppe-17\\API\\OGP\\vendor\\laravel\\framework\\src\\Illuminate\\Routing\\Route.php(261): Illuminate\\Routing\\ControllerDispatcher->dispatch(Object(Illuminate\\Routing\\Route), Object(Illuminate\\Routing\\ViewController), '__invoke')
#7 C:\\Users\\Steam\\Desktop\\Projekt\\Gruppe-17\\API\\OGP\\vendor\\laravel\\framework\\src\\Illuminate\\Routing\\Route.php(204): Illuminate\\Routing\\Route->runController()
#8 C:\\Users\\Steam\\Desktop\\Projekt\\Gruppe-17\\API\\OGP\\vendor\\laravel\\framework\\src\\Illuminate\\Routing\\Router.php(725): Illuminate\\Routing\\Route->run()
#9 C:\\Users\\Steam\\Desktop\\Projekt\\Gruppe-17\\API\\OGP\\vendor\\laravel\\framework\\src\\Illuminate\\Pipeline\\Pipeline.php(141): Illuminate\\Routing\\Router->Illuminate\\Routing\\{closure}(Object(Illuminate\\Http\\Request))
#10 C:\\Users\\Steam\\Desktop\\Projekt\\Gruppe-17\\API\\OGP\\vendor\\laravel\\framework\\src\\Illuminate\\Routing\\Middleware\\SubstituteBindings.php(50): Illuminate\\Pipeline\\Pipeline->Illuminate\\Pipeline\\{closure}(Object(Illuminate\\Http\\Request))
#11 C:\\Users\\Steam\\Desktop\\Projekt\\Gruppe-17\\API\\OGP\\vendor\\laravel\\framework\\src\\Illuminate\\Pipeline\\Pipeline.php(180): Illuminate\\Routing\\Middleware\\SubstituteBindings->handle(Object(Illuminate\\Http\\Request), Object(Closure))
#12 C:\\Users\\Steam\\Desktop\\Projekt\\Gruppe-17\\API\\OGP\\vendor\\laravel\\framework\\src\\Illuminate\\Foundation\\Http\\Middleware\\VerifyCsrfToken.php(78): Illuminate\\Pipeline\\Pipeline->Illuminate\\Pipeline\\{closure}(Object(Illuminate\\Http\\Request))
#13 C:\\Users\\Steam\\Desktop\\Projekt\\Gruppe-17\\API\\OGP\\vendor\\laravel\\framework\\src\\Illuminate\\Pipeline\\Pipeline.php(180): Illuminate\\Foundation\\Http\\Middleware\\VerifyCsrfToken->handle(Object(Illuminate\\Http\\Request), Object(Closure))
#14 C:\\Users\\Steam\\Desktop\\Projekt\\Gruppe-17\\API\\OGP\\vendor\\laravel\\framework\\src\\Illuminate\\View\\Middleware\\ShareErrorsFromSession.php(49): Illuminate\\Pipeline\\Pipeline->Illuminate\\Pipeline\\{closure}(Object(Illuminate\\Http\\Request))
#15 C:\\Users\\Steam\\Desktop\\Projekt\\Gruppe-17\\API\\OGP\\vendor\\laravel\\framework\\src\\Illuminate\\Pipeline\\Pipeline.php(180): Illuminate\\View\\Middleware\\ShareErrorsFromSession->handle(Object(Illuminate\\Http\\Request), Object(Closure))
#16 C:\\Users\\Steam\\Desktop\\Projekt\\Gruppe-17\\API\\OGP\\vendor\\laravel\\framework\\src\\Illuminate\\Session\\Middleware\\StartSession.php(121): Illuminate\\Pipeline\\Pipeline->Illuminate\\Pipeline\\{closure}(Object(Illuminate\\Http\\Request))
#17 C:\\Users\\Steam\\Desktop\\Projekt\\Gruppe-17\\API\\OGP\\vendor\\laravel\\framework\\src\\Illuminate\\Session\\Middleware\\StartSession.php(64): Illuminate\\Session\\Middleware\\StartSession->handleStatefulRequest(Object(Illuminate\\Http\\Request), Object(Illuminate\\Session\\Store), Object(Closure))
#18 C:\\Users\\Steam\\Desktop\\Projekt\\Gruppe-17\\API\\OGP\\vendor\\laravel\\framework\\src\\Illuminate\\Pipeline\\Pipeline.php(180): Illuminate\\Session\\Middleware\\StartSession->handle(Object(Illuminate\\Http\\Request), Object(Closure))
#19 C:\\Users\\Steam\\Desktop\\Projekt\\Gruppe-17\\API\\OGP\\vendor\\laravel\\framework\\src\\Illuminate\\Cookie\\Middleware\\AddQueuedCookiesToResponse.php(37): Illuminate\\Pipeline\\Pipeline->Illuminate\\Pipeline\\{closure}(Object(Illuminate\\Http\\Request))
#20 C:\\Users\\Steam\\Desktop\\Projekt\\Gruppe-17\\API\\OGP\\vendor\\laravel\\framework\\src\\Illuminate\\Pipeline\\Pipeline.php(180): Illuminate\\Cookie\\Middleware\\AddQueuedCookiesToResponse->handle(Object(Illuminate\\Http\\Request), Object(Closure))
#21 C:\\Users\\Steam\\Desktop\\Projekt\\Gruppe-17\\API\\OGP\\vendor\\laravel\\framework\\src\\Illuminate\\Cookie\\Middleware\\EncryptCookies.php(67): Illuminate\\Pipeline\\Pipeline->Illuminate\\Pipeline\\{closure}(Object(Illuminate\\Http\\Request))
#22 C:\\Users\\Steam\\Desktop\\Projekt\\Gruppe-17\\API\\OGP\\vendor\\laravel\\framework\\src\\Illuminate\\Pipeline\\Pipeline.php(180): Illuminate\\Cookie\\Middleware\\EncryptCookies->handle(Object(Illuminate\\Http\\Request), Object(Closure))
#23 C:\\Users\\Steam\\Desktop\\Projekt\\Gruppe-17\\API\\OGP\\vendor\\laravel\\framework\\src\\Illuminate\\Pipeline\\Pipeline.php(116): Illuminate\\Pipeline\\Pipeline->Illuminate\\Pipeline\\{closure}(Object(Illuminate\\Http\\Request))
#24 C:\\Users\\Steam\\Desktop\\Projekt\\Gruppe-17\\API\\OGP\\vendor\\laravel\\framework\\src\\Illuminate\\Routing\\Router.php(727): Illuminate\\Pipeline\\Pipeline->then(Object(Closure))
#25 C:\\Users\\Steam\\Desktop\\Projekt\\Gruppe-17\\API\\OGP\\vendor\\laravel\\framework\\src\\Illuminate\\Routing\\Router.php(702): Illuminate\\Routing\\Router->runRouteWithinStack(Object(Illuminate\\Routing\\Route), Object(Illuminate\\Http\\Request))
#26 C:\\Users\\Steam\\Desktop\\Projekt\\Gruppe-17\\API\\OGP\\vendor\\laravel\\framework\\src\\Illuminate\\Routing\\Router.php(666): Illuminate\\Routing\\Router->runRoute(Object(Illuminate\\Http\\Request), Object(Illuminate\\Routing\\Route))
#27 C:\\Users\\Steam\\Desktop\\Projekt\\Gruppe-17\\API\\OGP\\vendor\\laravel\\framework\\src\\Illuminate\\Routing\\Router.php(655): Illuminate\\Routing\\Router->dispatchToRoute(Object(Illuminate\\Http\\Request))
#28 C:\\Users\\Steam\\Desktop\\Projekt\\Gruppe-17\\API\\OGP\\vendor\\laravel\\framework\\src\\Illuminate\\Foundation\\Http\\Kernel.php(167): Illuminate\\Routing\\Router->dispatch(Object(Illuminate\\Http\\Request))
#29 C:\\Users\\Steam\\Desktop\\Projekt\\Gruppe-17\\API\\OGP\\vendor\\laravel\\framework\\src\\Illuminate\\Pipeline\\Pipeline.php(141): Illuminate\\Foundation\\Http\\Kernel->Illuminate\\Foundation\\Http\\{closure}(Object(Illuminate\\Http\\Request))
#30 C:\\Users\\Steam\\Desktop\\Projekt\\Gruppe-17\\API\\OGP\\vendor\\livewire\\livewire\\src\\DisableBrowserCache.php(19): Illuminate\\Pipeline\\Pipeline->Illuminate\\Pipeline\\{closure}(Object(Illuminate\\Http\\Request))
#31 C:\\Users\\Steam\\Desktop\\Projekt\\Gruppe-17\\API\\OGP\\vendor\\laravel\\framework\\src\\Illuminate\\Pipeline\\Pipeline.php(180): Livewire\\DisableBrowserCache->handle(Object(Illuminate\\Http\\Request), Object(Closure))
#32 C:\\Users\\Steam\\Desktop\\Projekt\\Gruppe-17\\API\\OGP\\vendor\\laravel\\framework\\src\\Illuminate\\Foundation\\Http\\Middleware\\TransformsRequest.php(21): Illuminate\\Pipeline\\Pipeline->Illuminate\\Pipeline\\{closure}(Object(Illuminate\\Http\\Request))
#33 C:\\Users\\Steam\\Desktop\\Projekt\\Gruppe-17\\API\\OGP\\vendor\\laravel\\framework\\src\\Illuminate\\Foundation\\Http\\Middleware\\ConvertEmptyStringsToNull.php(31): Illuminate\\Foundation\\Http\\Middleware\\TransformsRequest->handle(Object(Illuminate\\Http\\Request), Object(Closure))
#34 C:\\Users\\Steam\\Desktop\\Projekt\\Gruppe-17\\API\\OGP\\vendor\\laravel\\framework\\src\\Illuminate\\Pipeline\\Pipeline.php(180): Illuminate\\Foundation\\Http\\Middleware\\ConvertEmptyStringsToNull->handle(Object(Illuminate\\Http\\Request), Object(Closure))
#35 C:\\Users\\Steam\\Desktop\\Projekt\\Gruppe-17\\API\\OGP\\vendor\\laravel\\framework\\src\\Illuminate\\Foundation\\Http\\Middleware\\TransformsRequest.php(21): Illuminate\\Pipeline\\Pipeline->Illuminate\\Pipeline\\{closure}(Object(Illuminate\\Http\\Request))
#36 C:\\Users\\Steam\\Desktop\\Projekt\\Gruppe-17\\API\\OGP\\vendor\\laravel\\framework\\src\\Illuminate\\Foundation\\Http\\Middleware\\TrimStrings.php(40): Illuminate\\Foundation\\Http\\Middleware\\TransformsRequest->handle(Object(Illuminate\\Http\\Request), Object(Closure))
#37 C:\\Users\\Steam\\Desktop\\Projekt\\Gruppe-17\\API\\OGP\\vendor\\laravel\\framework\\src\\Illuminate\\Pipeline\\Pipeline.php(180): Illuminate\\Foundation\\Http\\Middleware\\TrimStrings->handle(Object(Illuminate\\Http\\Request), Object(Closure))
#38 C:\\Users\\Steam\\Desktop\\Projekt\\Gruppe-17\\API\\OGP\\vendor\\laravel\\framework\\src\\Illuminate\\Foundation\\Http\\Middleware\\ValidatePostSize.php(27): Illuminate\\Pipeline\\Pipeline->Illuminate\\Pipeline\\{closure}(Object(Illuminate\\Http\\Request))
#39 C:\\Users\\Steam\\Desktop\\Projekt\\Gruppe-17\\API\\OGP\\vendor\\laravel\\framework\\src\\Illuminate\\Pipeline\\Pipeline.php(180): Illuminate\\Foundation\\Http\\Middleware\\ValidatePostSize->handle(Object(Illuminate\\Http\\Request), Object(Closure))
#40 C:\\Users\\Steam\\Desktop\\Projekt\\Gruppe-17\\API\\OGP\\vendor\\laravel\\framework\\src\\Illuminate\\Foundation\\Http\\Middleware\\PreventRequestsDuringMaintenance.php(86): Illuminate\\Pipeline\\Pipeline->Illuminate\\Pipeline\\{closure}(Object(Illuminate\\Http\\Request))
#41 C:\\Users\\Steam\\Desktop\\Projekt\\Gruppe-17\\API\\OGP\\vendor\\laravel\\framework\\src\\Illuminate\\Pipeline\\Pipeline.php(180): Illuminate\\Foundation\\Http\\Middleware\\PreventRequestsDuringMaintenance->handle(Object(Illuminate\\Http\\Request), Object(Closure))
#42 C:\\Users\\Steam\\Desktop\\Projekt\\Gruppe-17\\API\\OGP\\vendor\\laravel\\framework\\src\\Illuminate\\Http\\Middleware\\HandleCors.php(49): Illuminate\\Pipeline\\Pipeline->Illuminate\\Pipeline\\{closure}(Object(Illuminate\\Http\\Request))
#43 C:\\Users\\Steam\\Desktop\\Projekt\\Gruppe-17\\API\\OGP\\vendor\\laravel\\framework\\src\\Illuminate\\Pipeline\\Pipeline.php(180): Illuminate\\Http\\Middleware\\HandleCors->handle(Object(Illuminate\\Http\\Request), Object(Closure))
#44 C:\\Users\\Steam\\Desktop\\Projekt\\Gruppe-17\\API\\OGP\\vendor\\laravel\\framework\\src\\Illuminate\\Http\\Middleware\\TrustProxies.php(39): Illuminate\\Pipeline\\Pipeline->Illuminate\\Pipeline\\{closure}(Object(Illuminate\\Http\\Request))
#45 C:\\Users\\Steam\\Desktop\\Projekt\\Gruppe-17\\API\\OGP\\vendor\\laravel\\framework\\src\\Illuminate\\Pipeline\\Pipeline.php(180): Illuminate\\Http\\Middleware\\TrustProxies->handle(Object(Illuminate\\Http\\Request), Object(Closure))
#46 C:\\Users\\Steam\\Desktop\\Projekt\\Gruppe-17\\API\\OGP\\vendor\\laravel\\framework\\src\\Illuminate\\Pipeline\\Pipeline.php(116): Illuminate\\Pipeline\\Pipeline->Illuminate\\Pipeline\\{closure}(Object(Illuminate\\Http\\Request))
#47 C:\\Users\\Steam\\Desktop\\Projekt\\Gruppe-17\\API\\OGP\\vendor\\laravel\\framework\\src\\Illuminate\\Foundation\\Http\\Kernel.php(142): Illuminate\\Pipeline\\Pipeline->then(Object(Closure))
#48 C:\\Users\\Steam\\Desktop\\Projekt\\Gruppe-17\\API\\OGP\\vendor\\laravel\\framework\\src\\Illuminate\\Foundation\\Http\\Kernel.php(111): Illuminate\\Foundation\\Http\\Kernel->sendRequestThroughRouter(Object(Illuminate\\Http\\Request))
#49 C:\\Users\\Steam\\Desktop\\Projekt\\Gruppe-17\\API\\OGP\\public\\index.php(52): Illuminate\\Foundation\\Http\\Kernel->handle(Object(Illuminate\\Http\\Request))
#50 C:\\Users\\Steam\\Desktop\\Projekt\\Gruppe-17\\API\\OGP\\vendor\\laravel\\framework\\src\\Illuminate\\Foundation\esources\\server.php(16): require_once('C:\\\\Users\\\\Steam\\\\...')
#51 {main}
"} 
[2022-03-29 13:24:21] local.ERROR: file_put_contents(C:\Users\Steam\Desktop\Projekt\Gruppe-17\Websites\OGP\storage\framework/sessions/IThxaIcrCkYm4mQ0BUYXNyAZLECozLOvlouAPVSo): Failed to open stream: No such file or directory {"exception":"[object] (ErrorException(code: 0): file_put_contents(C:\\Users\\Steam\\Desktop\\Projekt\\Gruppe-17\\Websites\\OGP\\storage\\framework/sessions/IThxaIcrCkYm4mQ0BUYXNyAZLECozLOvlouAPVSo): Failed to open stream: No such file or directory at C:\\Users\\Steam\\Desktop\\Projekt\\Gruppe-17\\API\\OGP\\vendor\\laravel\\framework\\src\\Illuminate\\Filesystem\\Filesystem.php:187)
[stacktrace]
#0 C:\\Users\\Steam\\Desktop\\Projekt\\Gruppe-17\\API\\OGP\\vendor\\laravel\\framework\\src\\Illuminate\\Foundation\\Bootstrap\\HandleExceptions.php(231): Illuminate\\Foundation\\Bootstrap\\HandleExceptions->handleError(2, 'file_put_conten...', 'C:\\\\Users\\\\Steam\\\\...', 187)
#1 [internal function]: Illuminate\\Foundation\\Bootstrap\\HandleExceptions->Illuminate\\Foundation\\Bootstrap\\{closure}(2, 'file_put_conten...', 'C:\\\\Users\\\\Steam\\\\...', 187)
#2 C:\\Users\\Steam\\Desktop\\Projekt\\Gruppe-17\\API\\OGP\\vendor\\laravel\\framework\\src\\Illuminate\\Filesystem\\Filesystem.php(187): file_put_contents('C:\\\\Users\\\\Steam\\\\...', 'a:3:{s:6:\"_toke...', 2)
#3 C:\\Users\\Steam\\Desktop\\Projekt\\Gruppe-17\\API\\OGP\\vendor\\laravel\\framework\\src\\Illuminate\\Session\\FileSessionHandler.php(90): Illuminate\\Filesystem\\Filesystem->put('C:\\\\Users\\\\Steam\\\\...', 'a:3:{s:6:\"_toke...', true)
#4 C:\\Users\\Steam\\Desktop\\Projekt\\Gruppe-17\\API\\OGP\\vendor\\laravel\\framework\\src\\Illuminate\\Session\\Store.php(142): Illuminate\\Session\\FileSessionHandler->write('IThxaIcrCkYm4mQ...', 'a:3:{s:6:\"_toke...')
#5 C:\\Users\\Steam\\Desktop\\Projekt\\Gruppe-17\\API\\OGP\\vendor\\laravel\\framework\\src\\Illuminate\\Session\\Middleware\\StartSession.php(236): Illuminate\\Session\\Store->save()
#6 C:\\Users\\Steam\\Desktop\\Projekt\\Gruppe-17\\API\\OGP\\vendor\\laravel\\framework\\src\\Illuminate\\Session\\Middleware\\StartSession.php(130): Illuminate\\Session\\Middleware\\StartSession->saveSession(Object(Illuminate\\Http\\Request))
#7 C:\\Users\\Steam\\Desktop\\Projekt\\Gruppe-17\\API\\OGP\\vendor\\laravel\\framework\\src\\Illuminate\\Session\\Middleware\\StartSession.php(64): Illuminate\\Session\\Middleware\\StartSession->handleStatefulRequest(Object(Illuminate\\Http\\Request), Object(Illuminate\\Session\\Store), Object(Closure))
#8 C:\\Users\\Steam\\Desktop\\Projekt\\Gruppe-17\\API\\OGP\\vendor\\laravel\\framework\\src\\Illuminate\\Pipeline\\Pipeline.php(180): Illuminate\\Session\\Middleware\\StartSession->handle(Object(Illuminate\\Http\\Request), Object(Closure))
#9 C:\\Users\\Steam\\Desktop\\Projekt\\Gruppe-17\\API\\OGP\\vendor\\laravel\\framework\\src\\Illuminate\\Cookie\\Middleware\\AddQueuedCookiesToResponse.php(37): Illuminate\\Pipeline\\Pipeline->Illuminate\\Pipeline\\{closure}(Object(Illuminate\\Http\\Request))
#10 C:\\Users\\Steam\\Desktop\\Projekt\\Gruppe-17\\API\\OGP\\vendor\\laravel\\framework\\src\\Illuminate\\Pipeline\\Pipeline.php(180): Illuminate\\Cookie\\Middleware\\AddQueuedCookiesToResponse->handle(Object(Illuminate\\Http\\Request), Object(Closure))
#11 C:\\Users\\Steam\\Desktop\\Projekt\\Gruppe-17\\API\\OGP\\vendor\\laravel\\framework\\src\\Illuminate\\Cookie\\Middleware\\EncryptCookies.php(67): Illuminate\\Pipeline\\Pipeline->Illuminate\\Pipeline\\{closure}(Object(Illuminate\\Http\\Request))
#12 C:\\Users\\Steam\\Desktop\\Projekt\\Gruppe-17\\API\\OGP\\vendor\\laravel\\framework\\src\\Illuminate\\Pipeline\\Pipeline.php(180): Illuminate\\Cookie\\Middleware\\EncryptCookies->handle(Object(Illuminate\\Http\\Request), Object(Closure))
#13 C:\\Users\\Steam\\Desktop\\Projekt\\Gruppe-17\\API\\OGP\\vendor\\laravel\\framework\\src\\Illuminate\\Pipeline\\Pipeline.php(116): Illuminate\\Pipeline\\Pipeline->Illuminate\\Pipeline\\{closure}(Object(Illuminate\\Http\\Request))
#14 C:\\Users\\Steam\\Desktop\\Projekt\\Gruppe-17\\API\\OGP\\vendor\\laravel\\framework\\src\\Illuminate\\Routing\\Router.php(727): Illuminate\\Pipeline\\Pipeline->then(Object(Closure))
#15 C:\\Users\\Steam\\Desktop\\Projekt\\Gruppe-17\\API\\OGP\\vendor\\laravel\\framework\\src\\Illuminate\\Routing\\Router.php(702): Illuminate\\Routing\\Router->runRouteWithinStack(Object(Illuminate\\Routing\\Route), Object(Illuminate\\Http\\Request))
#16 C:\\Users\\Steam\\Desktop\\Projekt\\Gruppe-17\\API\\OGP\\vendor\\laravel\\framework\\src\\Illuminate\\Routing\\Router.php(666): Illuminate\\Routing\\Router->runRoute(Object(Illuminate\\Http\\Request), Object(Illuminate\\Routing\\Route))
#17 C:\\Users\\Steam\\Desktop\\Projekt\\Gruppe-17\\API\\OGP\\vendor\\laravel\\framework\\src\\Illuminate\\Routing\\Router.php(655): Illuminate\\Routing\\Router->dispatchToRoute(Object(Illuminate\\Http\\Request))
#18 C:\\Users\\Steam\\Desktop\\Projekt\\Gruppe-17\\API\\OGP\\vendor\\laravel\\framework\\src\\Illuminate\\Foundation\\Http\\Kernel.php(167): Illuminate\\Routing\\Router->dispatch(Object(Illuminate\\Http\\Request))
#19 C:\\Users\\Steam\\Desktop\\Projekt\\Gruppe-17\\API\\OGP\\vendor\\laravel\\framework\\src\\Illuminate\\Pipeline\\Pipeline.php(141): Illuminate\\Foundation\\Http\\Kernel->Illuminate\\Foundation\\Http\\{closure}(Object(Illuminate\\Http\\Request))
#20 C:\\Users\\Steam\\Desktop\\Projekt\\Gruppe-17\\API\\OGP\\vendor\\livewire\\livewire\\src\\DisableBrowserCache.php(19): Illuminate\\Pipeline\\Pipeline->Illuminate\\Pipeline\\{closure}(Object(Illuminate\\Http\\Request))
#21 C:\\Users\\Steam\\Desktop\\Projekt\\Gruppe-17\\API\\OGP\\vendor\\laravel\\framework\\src\\Illuminate\\Pipeline\\Pipeline.php(180): Livewire\\DisableBrowserCache->handle(Object(Illuminate\\Http\\Request), Object(Closure))
#22 C:\\Users\\Steam\\Desktop\\Projekt\\Gruppe-17\\API\\OGP\\vendor\\laravel\\framework\\src\\Illuminate\\Foundation\\Http\\Middleware\\TransformsRequest.php(21): Illuminate\\Pipeline\\Pipeline->Illuminate\\Pipeline\\{closure}(Object(Illuminate\\Http\\Request))
#23 C:\\Users\\Steam\\Desktop\\Projekt\\Gruppe-17\\API\\OGP\\vendor\\laravel\\framework\\src\\Illuminate\\Foundation\\Http\\Middleware\\ConvertEmptyStringsToNull.php(31): Illuminate\\Foundation\\Http\\Middleware\\TransformsRequest->handle(Object(Illuminate\\Http\\Request), Object(Closure))
#24 C:\\Users\\Steam\\Desktop\\Projekt\\Gruppe-17\\API\\OGP\\vendor\\laravel\\framework\\src\\Illuminate\\Pipeline\\Pipeline.php(180): Illuminate\\Foundation\\Http\\Middleware\\ConvertEmptyStringsToNull->handle(Object(Illuminate\\Http\\Request), Object(Closure))
#25 C:\\Users\\Steam\\Desktop\\Projekt\\Gruppe-17\\API\\OGP\\vendor\\laravel\\framework\\src\\Illuminate\\Foundation\\Http\\Middleware\\TransformsRequest.php(21): Illuminate\\Pipeline\\Pipeline->Illuminate\\Pipeline\\{closure}(Object(Illuminate\\Http\\Request))
#26 C:\\Users\\Steam\\Desktop\\Projekt\\Gruppe-17\\API\\OGP\\vendor\\laravel\\framework\\src\\Illuminate\\Foundation\\Http\\Middleware\\TrimStrings.php(40): Illuminate\\Foundation\\Http\\Middleware\\TransformsRequest->handle(Object(Illuminate\\Http\\Request), Object(Closure))
#27 C:\\Users\\Steam\\Desktop\\Projekt\\Gruppe-17\\API\\OGP\\vendor\\laravel\\framework\\src\\Illuminate\\Pipeline\\Pipeline.php(180): Illuminate\\Foundation\\Http\\Middleware\\TrimStrings->handle(Object(Illuminate\\Http\\Request), Object(Closure))
#28 C:\\Users\\Steam\\Desktop\\Projekt\\Gruppe-17\\API\\OGP\\vendor\\laravel\\framework\\src\\Illuminate\\Foundation\\Http\\Middleware\\ValidatePostSize.php(27): Illuminate\\Pipeline\\Pipeline->Illuminate\\Pipeline\\{closure}(Object(Illuminate\\Http\\Request))
#29 C:\\Users\\Steam\\Desktop\\Projekt\\Gruppe-17\\API\\OGP\\vendor\\laravel\\framework\\src\\Illuminate\\Pipeline\\Pipeline.php(180): Illuminate\\Foundation\\Http\\Middleware\\ValidatePostSize->handle(Object(Illuminate\\Http\\Request), Object(Closure))
#30 C:\\Users\\Steam\\Desktop\\Projekt\\Gruppe-17\\API\\OGP\\vendor\\laravel\\framework\\src\\Illuminate\\Foundation\\Http\\Middleware\\PreventRequestsDuringMaintenance.php(86): Illuminate\\Pipeline\\Pipeline->Illuminate\\Pipeline\\{closure}(Object(Illuminate\\Http\\Request))
#31 C:\\Users\\Steam\\Desktop\\Projekt\\Gruppe-17\\API\\OGP\\vendor\\laravel\\framework\\src\\Illuminate\\Pipeline\\Pipeline.php(180): Illuminate\\Foundation\\Http\\Middleware\\PreventRequestsDuringMaintenance->handle(Object(Illuminate\\Http\\Request), Object(Closure))
#32 C:\\Users\\Steam\\Desktop\\Projekt\\Gruppe-17\\API\\OGP\\vendor\\laravel\\framework\\src\\Illuminate\\Http\\Middleware\\HandleCors.php(49): Illuminate\\Pipeline\\Pipeline->Illuminate\\Pipeline\\{closure}(Object(Illuminate\\Http\\Request))
#33 C:\\Users\\Steam\\Desktop\\Projekt\\Gruppe-17\\API\\OGP\\vendor\\laravel\\framework\\src\\Illuminate\\Pipeline\\Pipeline.php(180): Illuminate\\Http\\Middleware\\HandleCors->handle(Object(Illuminate\\Http\\Request), Object(Closure))
#34 C:\\Users\\Steam\\Desktop\\Projekt\\Gruppe-17\\API\\OGP\\vendor\\laravel\\framework\\src\\Illuminate\\Http\\Middleware\\TrustProxies.php(39): Illuminate\\Pipeline\\Pipeline->Illuminate\\Pipeline\\{closure}(Object(Illuminate\\Http\\Request))
#35 C:\\Users\\Steam\\Desktop\\Projekt\\Gruppe-17\\API\\OGP\\vendor\\laravel\\framework\\src\\Illuminate\\Pipeline\\Pipeline.php(180): Illuminate\\Http\\Middleware\\TrustProxies->handle(Object(Illuminate\\Http\\Request), Object(Closure))
#36 C:\\Users\\Steam\\Desktop\\Projekt\\Gruppe-17\\API\\OGP\\vendor\\laravel\\framework\\src\\Illuminate\\Pipeline\\Pipeline.php(116): Illuminate\\Pipeline\\Pipeline->Illuminate\\Pipeline\\{closure}(Object(Illuminate\\Http\\Request))
#37 C:\\Users\\Steam\\Desktop\\Projekt\\Gruppe-17\\API\\OGP\\vendor\\laravel\\framework\\src\\Illuminate\\Foundation\\Http\\Kernel.php(142): Illuminate\\Pipeline\\Pipeline->then(Object(Closure))
#38 C:\\Users\\Steam\\Desktop\\Projekt\\Gruppe-17\\API\\OGP\\vendor\\laravel\\framework\\src\\Illuminate\\Foundation\\Http\\Kernel.php(111): Illuminate\\Foundation\\Http\\Kernel->sendRequestThroughRouter(Object(Illuminate\\Http\\Request))
#39 C:\\Users\\Steam\\Desktop\\Projekt\\Gruppe-17\\API\\OGP\\public\\index.php(52): Illuminate\\Foundation\\Http\\Kernel->handle(Object(Illuminate\\Http\\Request))
#40 C:\\Users\\Steam\\Desktop\\Projekt\\Gruppe-17\\API\\OGP\\vendor\\laravel\\framework\\src\\Illuminate\\Foundation\esources\\server.php(16): require_once('C:\\\\Users\\\\Steam\\\\...')
#41 {main}
"} 
